500
1
2
a-b 2
ejj-b 1
499
225
ccc-ejj 1
dcg-ejj 1
dae-ejj 1
gi-ejj 1
dig-ejj 1
hc-ejj 1
ee-ejj 1
di-ejj 1
edi-ejj 1
cde-ejj 1
bgg-ejj 1
eba-ejj 1
dha-ejj 1
cdc-ejj 1
cge-ejj 1
bfc-ejj 1
bec-ejj 1
dg-ejj 1
dea-ejj 1
eha-ejj 1
ece-ejj 1
egi-ejj 1
dge-ejj 1
cfg-ejj 1
beg-ejj 1
eai-ejj 1
ci-ejj 1
bde-ejj 1
bjg-ejj 1
eee-ejj 1
ba-ejj 1
dfc-ejj 1
dbg-ejj 1
eei-ejj 1
bae-ejj 1
efc-ejj 1
cdi-ejj 1
ebg-ejj 1
bhe-ejj 1
dde-ejj 1
cec-ejj 1
cfa-ejj 1
ecg-ejj 1
cg-ejj 1
ga-ejj 1
ic-ejj 1
eag-ejj 1
eca-ejj 1
bja-ejj 1
eii-ejj 1
ie-ejj 1
bdc-ejj 1
efi-ejj 1
cig-ejj 1
eia-ejj 1
ejc-ejj 1
he-ejj 1
ce-ejj 1
cbe-ejj 1
fa-ejj 1
cja-ejj 1
dce-ejj 1
eic-ejj 1
dgi-ejj 1
bhc-ejj 1
dhc-ejj 1
bfi-ejj 1
bie-ejj 1
i-ejj 1
dhg-ejj 1
dja-ejj 1
djc-ejj 1
dje-ejj 1
fi-ejj 1
g-ejj 1
ha-ejj 1
ja-ejj 1
cfi-ejj 1
dcc-ejj 1
bdi-ejj 1
ehg-ejj 1
big-ejj 1
fg-ejj 1
che-ejj 1
eeg-ejj 1
bgc-ejj 1
bfe-ejj 1
eda-ejj 1
eja-ejj 1
cgg-ejj 1
cdg-ejj 2
bdg-ejj 1
ia-ejj 1
bee-ejj 1
ddg-ejj 1
dji-ejj 1
cjg-ejj 1
ji-ejj 1
bje-ejj 1
dc-ejj 1
dhi-ejj 1
hi-ejj 1
dci-ejj 1
fe-ejj 1
gg-ejj 1
chc-ejj 1
efa-ejj 1
de-ejj 1
dec-ejj 1
cbg-ejj 1
gc-ejj 1
bjc-ejj 1
cjc-ejj 1
ebe-ejj 1
bea-ejj 1
ehi-ejj 1
edc-ejj 1
cce-ejj 1
bga-ejj 1
bci-ejj 1
bei-ejj 1
be-ejj 1
cie-ejj 1
cfc-ejj 1
bai-ejj 1
bgi-ejj 1
edg-ejj 1
ege-ejj 1
eji-ejj 1
ceg-ejj 1
cgi-ejj 1
ecc-ejj 1
ebc-ejj 1
chg-ejj 1
efe-ejj 1
eig-ejj 1
bac-ejj 1
ec-ejj 1
dfi-ejj 1
ccg-ejj 1
jg-ejj 1
dic-ejj 1
eie-ejj 1
cii-ejj 1
bge-ejj 1
djg-ejj 1
cic-ejj 1
bda-ejj 1
ig-ejj 1
dai-ejj 1
cee-ejj 1
ede-ejj 1
egc-ejj 1
eac-ejj 1
ddc-ejj 1
chi-ejj 1
bag-ejj 1
dii-ejj 1
cji-ejj 1
dei-ejj 1
eci-ejj 1
eje-ejj 1
dag-ejj 1
bbc-ejj 1
bfa-ejj 1
bha-ejj 1
dee-ejj 1
cgc-ejj 1
deg-ejj 1
dba-ejj 3
cia-ejj 1
bbg-ejj 1
hg-ejj 1
die-ejj 1
eec-ejj 1
bia-ejj 1
bhg-ejj 1
baa-ejj 1
caa-ejj 1
ehc-ejj 1
bii-ejj 1
e-ejj 1
ejg-ejj 1
bic-ejj 1
ebi-ejj 1
cac-ejj 1
dfg-ejj 1
dhe-ejj 1
jc-ejj 1
eea-ejj 1
cea-ejj 1
ehe-ejj 1
eae-ejj 1
bcg-ejj 1
cei-ejj 1
cae-ejj 1
bhi-ejj 1
cje-ejj 1
eg-ejj 1
dac-ejj 1
bbe-ejj 1
cca-ejj 1
a-ejj 1
cha-ejj 1
ddi-ejj 1
ge-ejj 1
je-ejj 1
dia-ejj 1
dca-ejj 2
egg-ejj 1
fc-ejj 1
cci-ejj 1
cc-ejj 1
bc-ejj 1
bba-ejj 1
bcc-ejj 1
dda-ejj 1
bfg-ejj 1
cda-ejj 1
ca-ejj 1
cbc-ejj 1
daa-ejj 1
eaa-ejj 1
bi-ejj 1
dga-ejj 1
2
1
b-c 1
3
2
ejj-d 1
c-d 1
4
1
d-e 2
5
2
ejj-f 1
e-f 1
6
1
f-g 2
7
2
ejj-h 2
g-h 2
8
1
h-i 4
9
2
i-j 3
ejj-j 1
10
1
j-ba 3
11
2
ejj-bb 1
ba-bb 2
12
1
bb-bc 3
13
2
bc-bd 2
ejj-bd 1
14
1
bd-be 3
15
2
be-bf 2
ejj-bf 1
16
1
bf-bg 3
17
2
ejj-bh 1
bg-bh 3
18
1
bh-bi 3
19
2
ejj-bj 1
bi-bj 2
20
1
bj-ca 2
21
2
ejj-cb 1
ca-cb 1
22
1
cb-cc 2
23
2
cc-cd 1
ejj-cd 1
24
1
cd-ce 2
25
2
ejj-cf 2
ce-cf 1
26
1
cf-cg 3
27
2
ejj-ch 1
cg-ch 2
28
1
ch-ci 3
29
2
ci-cj 2
ejj-cj 1
30
1
cj-da 3
31
2
da-db 3
ejj-db 1
32
1
db-dc 5
33
2
ejj-dd 1
dc-dd 4
34
1
dd-de 4
35
2
ejj-df 1
de-df 3
36
1
df-dg 3
37
2
ejj-dh 1
dg-dh 3
38
1
dh-di 3
39
2
di-dj 2
ejj-dj 1
40
1
dj-ea 4
41
2
ea-eb 3
ejj-eb 1
42
1
eb-ec 3
43
2
ec-ed 3
ejj-ed 1
44
1
ed-ee 3
45
2
ee-ef 2
ejj-ef 1
46
1
ef-eg 2
47
2
ejj-eh 2
eg-eh 1
48
1
eh-ei 2
49
2
ei-ej 3
ejj-ej 1
50
1
ej-fa 5
51
2
fa-fb 4
ejj-fb 1
52
1
fb-fc 3
53
1
fc-fd 2
54
1
fd-fe 2
55
2
fe-ff 1
ejj-ff 1
56
1
ff-fg 1
57
2
ejj-fh 1
fg-fh 1
58
1
fh-fi 2
59
2
ejj-fj 1
fi-fj 3
60
1
fj-ga 3
61
2
ga-gb 1
ejj-gb 1
62
1
gb-gc 3
63
2
gc-gd 2
ejj-gd 1
64
1
gd-ge 3
65
2
ge-gf 3
ejj-gf 1
66
1
gf-gg 4
67
2
ejj-gh 1
gg-gh 3
68
1
gh-gi 3
69
2
ejj-gj 1
gi-gj 3
70
1
gj-ha 3
71
2
ha-hb 3
ejj-hb 1
72
1
hb-hc 4
73
2
hc-hd 3
ejj-hd 1
74
1
hd-he 3
75
2
he-hf 3
ejj-hf 1
76
1
hf-hg 4
77
2
hg-hh 2
ejj-hh 1
78
1
hh-hi 3
79
2
ejj-hj 1
hi-hj 1
80
1
hj-ia 1
81
2
ia-ib 1
ejj-ib 1
82
1
ib-ic 2
83
2
ic-id 2
ejj-id 1
84
1
id-ie 2
85
2
ie-if 2
ejj-if 1
86
1
if-ig 3
87
2
ejj-ih 1
ig-ih 1
88
1
ih-ii 1
89
2
ii-ij 1
ejj-ij 1
90
1
ij-ja 2
91
2
ja-jb 1
ejj-jb 1
92
1
jb-jc 2
93
2
jc-jd 3
ejj-jd 1
94
1
jd-je 3
95
2
ejj-jf 1
je-jf 3
96
1
jf-jg 3
97
2
jg-jh 2
ejj-jh 1
98
1
jh-ji 4
99
2
ejj-jj 1
ji-jj 3
100
1
jj-baa 3
101
2
baa-bab 2
ejj-bab 1
102
1
bab-bac 2
103
2
bac-bad 1
ejj-bad 1
104
1
bad-bae 2
105
2
ejj-baf 1
bae-baf 2
106
1
baf-bag 2
107
2
bag-bah 2
ejj-bah 1
108
1
bah-bai 3
109
2
ejj-baj 1
bai-baj 2
110
1
baj-bba 3
111
2
ejj-bbb 1
bba-bbb 1
112
1
bbb-bbc 2
113
2
bbc-bbd 2
ejj-bbd 1
114
1
bbd-bbe 2
115
2
bbe-bbf 1
ejj-bbf 1
116
1
bbf-bbg 1
117
2
bbg-bbh 1
ejj-bbh 1
118
1
bbh-bbi 1
119
2
ejj-bbj 1
bbi-bbj 1
120
1
bbj-bca 1
121
2
bca-bcb 1
ejj-bcb 1
122
1
bcb-bcc 1
123
2
ejj-bcd 1
bcc-bcd 1
124
1
bcd-bce 2
125
2
ejj-bcf 1
bce-bcf 1
126
1
bcf-bcg 1
127
2
bcg-bch 1
ejj-bch 1
128
1
bch-bci 2
129
2
bci-bcj 1
ejj-bcj 1
130
1
bcj-bda 2
131
2
ejj-bdb 1
bda-bdb 1
132
1
bdb-bdc 2
133
2
ejj-bdd 1
bdc-bdd 2
134
1
bdd-bde 4
135
2
bde-bdf 3
ejj-bdf 1
136
1
bdf-bdg 3
137
2
ejj-bdh 1
bdg-bdh 3
138
1
bdh-bdi 3
139
2
ejj-bdj 1
bdi-bdj 2
140
1
bdj-bea 3
141
2
ejj-beb 1
bea-beb 1
142
1
beb-bec 3
143
2
ejj-bed 1
bec-bed 2
144
1
bed-bee 2
145
2
ejj-bef 1
bee-bef 1
146
1
bef-beg 2
147
2
beg-beh 2
ejj-beh 1
148
1
beh-bei 2
149
2
ejj-bej 1
bei-bej 1
150
1
bej-bfa 3
151
2
bfa-bfb 2
ejj-bfb 1
152
1
bfb-bfc 2
153
2
bfc-bfd 2
ejj-bfd 1
154
1
bfd-bfe 2
155
2
ejj-bff 1
bfe-bff 1
156
1
bff-bfg 3
157
2
bfg-bfh 2
ejj-bfh 1
158
1
bfh-bfi 3
159
2
bfi-bfj 2
ejj-bfj 1
160
1
bfj-bga 2
161
1
bga-bgb 1
162
1
bgb-bgc 1
163
2
ejj-bgd 1
bgc-bgd 1
164
1
bgd-bge 2
165
2
ejj-bgf 1
bge-bgf 1
166
1
bgf-bgg 2
167
2
ejj-bgh 1
bgg-bgh 1
168
1
bgh-bgi 3
169
2
bgi-bgj 2
ejj-bgj 1
170
1
bgj-bha 2
171
2
ejj-bhb 1
bha-bhb 1
172
1
bhb-bhc 3
173
2
ejj-bhd 1
bhc-bhd 3
174
1
bhd-bhe 3
175
2
ejj-bhf 1
bhe-bhf 1
176
1
bhf-bhg 2
177
2
ejj-bhh 1
bhg-bhh 1
178
1
bhh-bhi 2
179
2
bhi-bhj 2
ejj-bhj 1
180
1
bhj-bia 2
181
2
bia-bib 1
ejj-bib 1
182
1
bib-bic 2
183
2
bic-bid 1
ejj-bid 1
184
1
bid-bie 2
185
2
bie-bif 1
ejj-bif 1
186
1
bif-big 3
187
2
big-bih 2
ejj-bih 1
188
1
bih-bii 3
189
2
ejj-bij 2
bii-bij 2
190
1
bij-bja 4
191
2
bja-bjb 3
ejj-bjb 1
192
1
bjb-bjc 4
193
2
ejj-bjd 1
bjc-bjd 3
194
1
bjd-bje 4
195
2
ejj-bjf 1
bje-bjf 3
196
1
bjf-bjg 3
197
2
ejj-bjh 1
bjg-bjh 3
198
1
bjh-bji 3
199
2
bji-bjj 2
ejj-bjj 1
200
1
bjj-caa 3
201
2
ejj-cab 1
caa-cab 2
202
1
cab-cac 2
203
2
cac-cad 1
ejj-cad 1
204
1
cad-cae 2
205
2
ejj-caf 1
cae-caf 1
206
1
caf-cag 1
207
2
cag-cah 1
ejj-cah 1
208
1
cah-cai 1
209
2
cai-caj 1
ejj-caj 1
210
1
caj-cba 1
211
2
ejj-cbb 1
cba-cbb 1
212
1
cbb-cbc 1
213
2
cbc-cbd 1
ejj-cbd 1
214
1
cbd-cbe 2
215
2
ejj-cbf 1
cbe-cbf 1
216
1
cbf-cbg 1
217
2
cbg-cbh 1
ejj-cbh 1
218
1
cbh-cbi 2
219
2
cbi-cbj 3
ejj-cbj 1
220
1
cbj-cca 4
221
2
cca-ccb 3
ejj-ccb 1
222
1
ccb-ccc 3
223
2
ccc-ccd 2
ejj-ccd 1
224
1
ccd-cce 3
225
2
cce-ccf 3
ejj-ccf 1
226
1
ccf-ccg 3
227
2
ccg-cch 3
ejj-cch 1
228
1
cch-cci 3
229
2
ejj-ccj 2
cci-ccj 3
230
1
ccj-cda 4
231
2
cda-cdb 3
ejj-cdb 1
232
1
cdb-cdc 2
233
2
ejj-cdd 1
cdc-cdd 1
234
1
cdd-cde 3
235
2
ejj-cdf 1
cde-cdf 3
236
1
cdf-cdg 3
237
2
cdg-cdh 2
ejj-cdh 1
238
1
cdh-cdi 3
239
2
cdi-cdj 2
ejj-cdj 3
240
1
cdj-cea 5
241
2
cea-ceb 4
ejj-ceb 1
242
1
ceb-cec 3
243
2
ejj-ced 1
cec-ced 3
244
1
ced-cee 4
245
2
ejj-cef 1
cee-cef 3
246
1
cef-ceg 3
247
2
ceg-ceh 2
ejj-ceh 1
248
1
ceh-cei 2
249
1
cei-cej 1
250
1
cej-cfa 2
251
2
ejj-cfb 1
cfa-cfb 1
252
1
cfb-cfc 1
253
2
cfc-cfd 1
ejj-cfd 1
254
1
cfd-cfe 1
255
2
ejj-cff 1
cfe-cff 1
256
1
cff-cfg 2
257
2
ejj-cfh 1
cfg-cfh 2
258
1
cfh-cfi 2
259
2
cfi-cfj 2
ejj-cfj 1
260
1
cfj-cga 3
261
2
ejj-cgb 1
cga-cgb 2
262
1
cgb-cgc 2
263
2
cgc-cgd 2
ejj-cgd 2
264
1
cgd-cge 3
265
2
cge-cgf 3
ejj-cgf 1
266
1
cgf-cgg 3
267
2
ejj-cgh 1
cgg-cgh 3
268
1
cgh-cgi 1
269
1
cgi-cgj 1
270
1
cgj-cha 2
271
2
cha-chb 1
ejj-chb 1
272
1
chb-chc 2
273
2
chc-chd 1
ejj-chd 1
274
1
chd-che 2
275
2
che-chf 3
ejj-chf 2
276
1
chf-chg 5
277
2
ejj-chh 1
chg-chh 3
278
1
chh-chi 3
279
2
chi-chj 2
ejj-chj 1
280
1
chj-cia 4
281
2
ejj-cib 1
cia-cib 4
282
1
cib-cic 6
283
2
cic-cid 5
ejj-cid 1
284
1
cid-cie 4
285
2
cie-cif 2
ejj-cif 1
286
1
cif-cig 3
287
2
cig-cih 3
ejj-cih 1
288
1
cih-cii 2
289
1
cii-cij 2
290
1
cij-cja 2
291
2
cja-cjb 1
ejj-cjb 1
292
1
cjb-cjc 2
293
2
ejj-cjd 1
cjc-cjd 2
294
1
cjd-cje 3
295
2
cje-cjf 1
ejj-cjf 1
296
1
cjf-cjg 1
297
2
ejj-cjh 1
cjg-cjh 1
298
1
cjh-cji 2
299
2
ejj-cjj 1
cji-cjj 1
300
1
cjj-daa 3
301
2
ejj-dab 1
daa-dab 2
302
1
dab-dac 1
303
2
dac-dad 1
ejj-dad 1
304
1
dad-dae 3
305
2
ejj-daf 1
dae-daf 2
306
1
daf-dag 3
307
2
dag-dah 2
ejj-dah 2
308
1
dah-dai 4
309
2
ejj-daj 1
dai-daj 3
310
1
daj-dba 4
311
2
dba-dbb 3
ejj-dbb 2
312
1
dbb-dbc 3
313
2
dbc-dbd 3
ejj-dbd 1
314
1
dbd-dbe 3
315
2
dbe-dbf 2
ejj-dbf 1
316
1
dbf-dbg 3
317
2
dbg-dbh 2
ejj-dbh 1
318
1
dbh-dbi 3
319
2
ejj-dbj 1
dbi-dbj 3
320
1
dbj-dca 4
321
2
dca-dcb 2
ejj-dcb 1
322
1
dcb-dcc 3
323
2
ejj-dcd 1
dcc-dcd 3
324
1
dcd-dce 3
325
2
ejj-dcf 1
dce-dcf 1
326
1
dcf-dcg 2
327
2
ejj-dch 1
dcg-dch 1
328
1
dch-dci 2
329
2
dci-dcj 2
ejj-dcj 1
330
1
dcj-dda 3
331
2
ejj-ddb 1
dda-ddb 2
332
1
ddb-ddc 3
333
2
ejj-ddd 1
ddc-ddd 3
334
1
ddd-dde 3
335
2
ejj-ddf 2
dde-ddf 2
336
1
ddf-ddg 4
337
2
ejj-ddh 1
ddg-ddh 2
338
1
ddh-ddi 2
339
2
ejj-ddj 1
ddi-ddj 1
340
1
ddj-dea 2
341
2
dea-deb 1
ejj-deb 1
342
1
deb-dec 2
343
2
dec-ded 2
ejj-ded 2
344
1
ded-dee 4
345
2
ejj-def 1
dee-def 3
346
1
def-deg 4
347
2
ejj-deh 1
deg-deh 3
348
1
deh-dei 2
349
2
ejj-dej 1
dei-dej 1
350
1
dej-dfa 1
351
1
dfa-dfb 1
352
1
dfb-dfc 1
353
2
dfc-dfd 1
ejj-dfd 1
354
1
dfd-dfe 1
355
2
dfe-dff 1
ejj-dff 1
356
1
dff-dfg 1
357
2
dfg-dfh 1
ejj-dfh 1
358
1
dfh-dfi 3
359
2
dfi-dfj 2
ejj-dfj 2
360
1
dfj-dga 4
361
2
ejj-dgb 1
dga-dgb 3
362
1
dgb-dgc 3
363
2
dgc-dgd 4
ejj-dgd 1
364
1
dgd-dge 4
365
2
dge-dgf 3
ejj-dgf 1
366
1
dgf-dgg 4
367
2
dgg-dgh 4
ejj-dgh 1
368
1
dgh-dgi 5
369
2
dgi-dgj 3
ejj-dgj 1
370
1
dgj-dha 5
371
2
ejj-dhb 1
dha-dhb 3
372
1
dhb-dhc 3
373
2
ejj-dhd 1
dhc-dhd 3
374
1
dhd-dhe 4
375
2
ejj-dhf 1
dhe-dhf 3
376
1
dhf-dhg 4
377
2
dhg-dhh 3
ejj-dhh 1
378
1
dhh-dhi 4
379
2
ejj-dhj 1
dhi-dhj 3
380
1
dhj-dia 3
381
2
ejj-dib 1
dia-dib 2
382
1
dib-dic 2
383
2
ejj-did 1
dic-did 2
384
1
did-die 3
385
2
die-dif 2
ejj-dif 1
386
1
dif-dig 2
387
2
ejj-dih 1
dig-dih 2
388
1
dih-dii 4
389
2
ejj-dij 1
dii-dij 4
390
1
dij-dja 5
391
2
ejj-djb 2
dja-djb 3
392
1
djb-djc 5
393
2
ejj-djd 1
djc-djd 3
394
1
djd-dje 4
395
1
dje-djf 3
396
1
djf-djg 3
397
2
djg-djh 1
ejj-djh 1
398
1
djh-dji 2
399
2
ejj-djj 1
dji-djj 2
400
1
djj-eaa 3
401
2
eaa-eab 2
ejj-eab 1
402
1
eab-eac 3
403
2
eac-ead 2
ejj-ead 1
404
1
ead-eae 3
405
2
eae-eaf 1
ejj-eaf 1
406
1
eaf-eag 2
407
2
eag-eah 3
ejj-eah 1
408
1
eah-eai 3
409
2
ejj-eaj 2
eai-eaj 2
410
1
eaj-eba 4
411
2
ejj-ebb 1
eba-ebb 3
412
1
ebb-ebc 5
413
2
ejj-ebd 1
ebc-ebd 4
414
1
ebd-ebe 6
415
2
ebe-ebf 3
ejj-ebf 1
416
1
ebf-ebg 5
417
2
ejj-ebh 1
ebg-ebh 3
418
1
ebh-ebi 5
419
2
ejj-ebj 1
ebi-ebj 3
420
1
ebj-eca 4
421
2
eca-ecb 2
ejj-ecb 1
422
1
ecb-ecc 2
423
2
ecc-ecd 2
ejj-ecd 1
424
1
ecd-ece 3
425
2
ece-ecf 1
ejj-ecf 1
426
1
ecf-ecg 2
427
2
ejj-ech 1
ecg-ech 2
428
1
ech-eci 2
429
2
ejj-ecj 1
eci-ecj 1
430
1
ecj-eda 2
431
2
ejj-edb 1
eda-edb 2
432
1
edb-edc 3
433
2
edc-edd 3
ejj-edd 1
434
1
edd-ede 4
435
2
ejj-edf 1
ede-edf 3
436
1
edf-edg 3
437
2
ejj-edh 1
edg-edh 3
438
1
edh-edi 2
439
2
edi-edj 2
ejj-edj 1
440
1
edj-eea 3
441
2
eea-eeb 2
ejj-eeb 1
442
1
eeb-eec 3
443
2
eec-eed 2
ejj-eed 1
444
1
eed-eee 2
445
2
ejj-eef 1
eee-eef 2
446
1
eef-eeg 3
447
2
eeg-eeh 2
ejj-eeh 1
448
1
eeh-eei 2
449
1
eei-eej 1
450
1
eej-efa 1
451
2
efa-efb 1
ejj-efb 1
452
1
efb-efc 1
453
2
ejj-efd 1
efc-efd 1
454
1
efd-efe 3
455
2
ejj-eff 1
efe-eff 2
456
1
eff-efg 3
457
2
ejj-efh 1
efg-efh 3
458
1
efh-efi 3
459
2
ejj-efj 1
efi-efj 3
460
1
efj-ega 3
461
2
ega-egb 3
ejj-egb 1
462
1
egb-egc 3
463
2
egc-egd 1
ejj-egd 1
464
1
egd-ege 1
465
2
ege-egf 1
ejj-egf 1
466
1
egf-egg 1
467
2
ejj-egh 2
egg-egh 1
468
1
egh-egi 3
469
2
egi-egj 2
ejj-egj 1
470
1
egj-eha 1
471
2
ejj-ehb 1
eha-ehb 1
472
1
ehb-ehc 3
473
2
ehc-ehd 3
ejj-ehd 1
474
1
ehd-ehe 3
475
2
ehe-ehf 3
ejj-ehf 1
476
1
ehf-ehg 3
477
2
ehg-ehh 2
ejj-ehh 1
478
1
ehh-ehi 3
479
2
ejj-ehj 1
ehi-ehj 1
480
1
ehj-eia 3
481
2
eia-eib 2
ejj-eib 1
482
1
eib-eic 2
483
2
eic-eid 2
ejj-eid 1
484
1
eid-eie 2
485
2
ejj-eif 1
eie-eif 1
486
1
eif-eig 1
487
1
eig-eih 1
488
1
eih-eii 2
489
2
eii-eij 1
ejj-eij 1
490
1
eij-eja 3
491
2
eja-ejb 2
ejj-ejb 1
492
1
ejb-ejc 3
493
2
ejc-ejd 2
ejj-ejd 1
494
1
ejd-eje 4
495
2
ejj-ejf 1
eje-ejf 3
496
1
ejf-ejg 4
497
2
ejj-ejh 1
ejg-ejh 2
498
1
ejh-eji 3
0
1
eji-a 3
