1643
1
2
dab-b 9
ehb-b 1
2
6
di-c 1
bih-c 1
dgc-c 1
dgj-c 1
bi-c 1
fcd-c 12
0
1
cd-a 1
3
6
cd-d 1
hcj-d 1
ii-d 5
cbd-d 1
bcb-d 4
bjg-d 1
4
3
d-e 1
cba-e 1
hic-e 20
5
7
bc-f 1
bdjf-f 3
ff-f 1
bda-f 1
jbb-f 1
e-f 1
jcc-f 1
6
6
iee-g 1
bfg-g 1
ehc-g 1
eie-g 1
bedj-g 1
gic-g 1
7
1
bfa-h 1
8
3
bahi-i 1
geg-i 11
gie-i 2
9
4
ce-j 1
heg-j 1
fbj-j 18
bi-j 1
10
2
dhf-ba 1
bdi-ba 1
11
8
bcef-bb 3
cd-bb 1
bee-bb 6
bcea-bb 1
gc-bb 1
bcb-bb 1
bae-bb 1
bgf-bb 1
12
6
ddf-bc 1
ccj-bc 1
daa-bc 1
hbf-bc 2
baid-bc 1
dgf-bc 4
13
3
cch-bd 2
cjb-bd 1
bejh-bd 2
14
4
fec-be 1
bbbj-be 2
beai-be 11
babg-be 1
15
2
hi-bf 2
dh-bf 1
16
7
jf-bg 1
bdii-bg 2
baae-bg 1
gge-bg 1
fib-bg 1
bi-bg 1
iag-bg 1
17
3
ihi-bh 9
hjd-bh 1
bgeh-bh 1
18
5
feh-bi 1
babg-bi 24
hej-bi 1
fic-bi 28
bc-bi 1
19
8
bc-bj 1
db-bj 1
dg-bj 1
cii-bj 1
ch-bj 1
dhf-bj 1
bdbf-bj 1
hcj-bj 1
20
4
cd-ca 1
gjh-ca 4
dfg-ca 1
bai-ca 1
21
3
did-cb 1
edb-cb 1
dcc-cb 1
22
4
ff-cc 1
dgf-cc 1
badc-cc 1
jgi-cc 1
23
6
ffb-cd 6
gfa-cd 1
bhd-cd 1
fae-cd 1
dbg-cd 9
bcaj-cd 1
24
4
jag-ce 1
jgf-ce 1
bi-ce 1
ef-ce 1
25
5
bbci-cf 1
def-cf 2
cc-cf 1
eac-cf 9
fhg-cf 1
26
7
hhc-cg 1
bd-cg 2
ca-cg 1
eh-cg 1
chb-cg 1
deg-cg 1
deb-cg 1
27
6
cd-ch 1
jgg-ch 1
hch-ch 1
dji-ch 1
bjd-ch 1
ddb-ch 1
28
5
hif-ci 1
hfh-ci 4
befi-ci 1
bffg-ci 12
gbg-ci 1
29
3
egd-cj 1
fbi-cj 1
bfgd-cj 3
30
8
gda-da 1
bdf-da 1
fai-da 2
ea-da 1
bcei-da 2
bhd-da 2
eej-da 1
beib-da 1
31
7
cfj-db 1
bbde-db 6
cd-db 1
bgj-db 1
gi-db 1
bc-db 1
cbh-db 1
32
6
iag-dc 1
ecg-dc 1
ifh-dc 3
iej-dc 48
bbgj-dc 3
jbf-dc 1
33
3
fc-dd 1
dfg-dd 1
babg-dd 1
34
4
di-de 1
bhe-de 1
ghj-de 1
eih-de 1
35
5
gc-df 1
iei-df 1
igi-df 3
ibf-df 1
bfgb-df 16
36
8
hah-dg 8
bdfc-dg 1
bebe-dg 6
bgfe-dg 2
bed-dg 1
cee-dg 1
bcag-dg 2
bcii-dg 8
37
5
dc-dh 1
hha-dh 10
db-dh 1
bagf-dh 31
gcd-dh 1
38
1
haf-di 77
39
3
ef-dj 1
cbh-dj 1
gdb-dj 1
40
6
cgg-ea 1
eee-ea 1
jjh-ea 1
jff-ea 1
fda-ea 1
dbb-ea 1
41
3
cdi-eb 8
hac-eb 1
bbfc-eb 12
42
5
fc-ec 1
ege-ec 1
ci-ec 1
cdc-ec 4
fi-ec 1
43
5
bcia-ed 3
edf-ed 1
bfdc-ed 1
eb-ed 1
ech-ed 1
44
3
bacc-ee 1
cfb-ee 1
ejg-ee 1
45
7
cij-ef 1
bgd-ef 1
ige-ef 3
beeh-ef 1
cih-ef 3
egh-ef 1
bgb-ef 1
46
5
cbg-eg 1
ggg-eg 12
bdj-eg 1
bcd-eg 1
ffd-eg 1
47
5
gdh-eh 7
bbfg-eh 6
fdd-eh 1
bbei-eh 1
bjb-eh 1
48
6
dff-ei 1
bb-ei 1
cbh-ei 1
bbje-ei 1
jfj-ei 4
bcjf-ei 1
49
3
jia-ej 1
cd-ej 1
baig-ej 7
50
6
bhg-fa 1
bc-fa 1
bcb-fa 1
dhe-fa 7
jji-fa 1
hg-fa 1
51
3
dfa-fb 1
bdc-fb 2
bcch-fb 1
52
5
bcj-fc 1
eab-fc 1
fif-fc 5
jb-fc 1
bfch-fc 14
53
4
dhe-fd 1
je-fd 1
daf-fd 1
dd-fd 1
54
1
jic-fe 1
55
7
bed-ff 1
bdf-ff 1
gb-ff 5
bdcg-ff 1
ic-ff 1
dbd-ff 1
cje-ff 1
56
1
bfaf-fg 1
57
7
jjd-fh 1
jie-fh 1
ccb-fh 1
jh-fh 1
d-fh 1
bejb-fh 2
bdb-fh 1
58
3
hee-fi 1
bfdg-fi 6
fg-fi 1
59
7
dbg-fj 2
bea-fj 1
ifd-fj 1
ff-fj 1
ddg-fj 1
bcha-fj 1
hfh-fj 1
60
6
cg-ga 1
bi-ga 4
cih-ga 1
eah-ga 1
dac-ga 1
fga-ga 11
61
2
bbjc-gb 5
bbeb-gb 1
62
6
bdfa-gc 15
eie-gc 8
j-gc 1
e-gc 1
bga-gc 1
gge-gc 23
63
8
daj-gd 1
je-gd 1
cfj-gd 1
icd-gd 1
bfgc-gd 4
dai-gd 1
dbf-gd 1
gfb-gd 1
64
2
g-ge 1
dfi-ge 1
65
1
cgh-gf 1
66
5
jhg-gg 1
idf-gg 1
bfjf-gg 34
jdj-gg 1
cdh-gg 21
67
3
jci-gh 1
bh-gh 1
bddh-gh 2
68
3
bcff-gi 10
ch-gi 1
cbe-gi 1
69
3
baad-gj 1
edh-gj 1
gjj-gj 1
70
3
bda-ha 1
db-ha 2
ecc-ha 1
71
2
efh-hb 4
iaa-hb 2
72
4
cif-hc 1
ejc-hc 6
gg-hc 1
dbf-hc 2
74
7
bcjc-he 4
gij-he 1
bebb-he 1
hc-he 1
bgi-he 1
bcd-he 1
gig-he 1
75
4
dah-hf 1
bdbc-hf 1
hie-hf 1
da-hf 1
76
4
cgj-hg 1
bja-hg 5
gbd-hg 1
dfj-hg 1
77
7
gcj-hh 3
bdh-hh 1
cae-hh 1
beic-hh 1
jae-hh 1
bjb-hh 1
caa-hh 1
78
5
fa-hi 1
bac-hi 1
iba-hi 26
ihf-hi 2
baec-hi 26
79
3
gfg-hj 2
di-hj 1
jfc-hj 24
80
4
ccc-ia 1
di-ia 1
bfeh-ia 1
bdjd-ia 1
81
4
dea-ib 1
ghd-ib 1
gia-ib 1
dad-ib 1
82
3
fdf-ic 1
bedh-ic 3
cgi-ic 1
83
4
eab-id 20
ej-id 1
gbg-id 1
ebd-id 1
84
5
fbb-ie 1
eeh-ie 1
haj-ie 1
bjd-ie 1
dej-ie 1
85
3
bfce-if 2
di-if 1
bcge-if 6
86
2
egf-ig 1
baif-ig 1
87
3
bcfj-ih 1
cgh-ih 2
bba-ih 1
88
6
bacj-ii 4
dgc-ii 1
bacd-ii 1
eig-ii 1
bgfi-ii 1
chf-ii 13
89
4
bcd-ij 1
fbc-ij 1
ife-ij 1
dbi-ij 1
90
3
hij-ja 5
bei-ja 1
fef-ja 1
91
4
bhe-jb 1
bc-jb 1
ehi-jb 1
jc-jb 1
92
6
fci-jc 1
gii-jc 1
gbe-jc 1
babi-jc 46
hj-jc 1
bbjg-jc 38
93
2
fhj-jd 1
cae-jd 1
94
6
bbi-je 1
bi-je 4
bfgb-je 2
bfc-je 7
gdf-je 5
fcf-je 1
95
3
gbd-jf 1
dfc-jf 1
iae-jf 1
96
3
ec-jg 1
daf-jg 36
beb-jg 1
97
6
bbfg-jh 54
hib-jh 4
ei-jh 1
bcbf-jh 1
ecj-jh 1
dai-jh 2
98
5
gbe-ji 1
beaa-ji 1
bdjh-ji 5
idd-ji 1
bccj-ji 1
99
3
dej-jj 1
fgf-jj 1
bcee-jj 2
100
5
dfi-baa 1
bfg-baa 1
dig-baa 8
efg-baa 7
fhg-baa 1
101
4
eic-bab 1
jhg-bab 1
chf-bab 2
ede-bab 1
102
5
gja-bac 3
hfi-bac 1
bfe-bac 6
da-bac 1
hj-bac 1
103
3
bha-bad 1
jid-bad 1
bfi-bad 1
104
4
ceg-bae 1
cd-bae 1
bdga-bae 7
dgj-bae 1
105
5
cgb-baf 1
cj-baf 1
bdbh-baf 6
cbg-baf 1
bcb-baf 1
106
7
bbfi-bag 1
fic-bag 1
dad-bag 1
bfce-bag 1
bcc-bag 1
baab-bag 1
ede-bag 1
107
6
ifd-bah 3
bbcc-bah 1
ddf-bah 1
hbf-bah 3
deg-bah 3
gjh-bah 17
108
2
bda-bai 2
cfj-bai 3
109
6
cjg-baj 1
ddb-baj 1
eg-baj 1
chf-baj 1
bda-baj 1
db-baj 1
110
5
je-bba 1
gdc-bba 2
fbe-bba 1
hi-bba 1
dic-bba 1
111
4
edb-bbb 1
d-bbb 1
fdh-bbb 1
bdh-bbb 1
112
5
jje-bbc 2
dbb-bbc 1
dgb-bbc 1
gbg-bbc 1
chf-bbc 28
113
2
bja-bbd 1
gca-bbd 1
114
3
cb-bbe 1
ehd-bbe 1
cie-bbe 1
115
5
bage-bbf 10
bej-bbf 1
bei-bbf 16
fj-bbf 1
dfc-bbf 1
116
6
cbd-bbg 1
eba-bbg 1
iff-bbg 8
gdc-bbg 5
eg-bbg 3
bbbj-bbg 1
117
3
bacc-bbh 73
gjh-bbh 2
ehi-bbh 2
118
9
gfd-bbi 2
cbb-bbi 1
bca-bbi 1
beeh-bbi 40
bech-bbi 1
ib-bbi 1
cea-bbi 1
beb-bbi 1
ige-bbi 1
119
7
bbf-bbj 1
bbag-bbj 3
baja-bbj 1
eh-bbj 3
ige-bbj 1
fag-bbj 58
gjh-bbj 1
120
6
cc-bca 1
eae-bca 1
cji-bca 1
gae-bca 1
bae-bca 1
gaf-bca 1
121
4
fba-bcb 11
bdea-bcb 1
bbdg-bcb 3
bbgc-bcb 3
122
7
hgb-bcc 1
bbff-bcc 33
bebg-bcc 1
bjd-bcc 1
gfi-bcc 1
bbab-bcc 6
jg-bcc 1
123
5
ddj-bcd 1
jec-bcd 1
gc-bcd 1
eed-bcd 4
iie-bcd 1
124
8
fed-bce 1
edi-bce 2
bagd-bce 2
bb-bce 1
bi-bce 2
gc-bce 2
ccc-bce 1
gef-bce 4
125
4
gih-bcf 1
cea-bcf 1
ddj-bcf 1
deg-bcf 1
126
7
di-bcg 1
dgg-bcg 1
hcj-bcg 1
dbg-bcg 1
cah-bcg 1
g-bcg 1
bhj-bcg 1
127
6
bgbf-bch 1
dfd-bch 1
bfc-bch 1
fbh-bch 4
gad-bch 4
ecb-bch 1
128
7
bbc-bci 1
fi-bci 1
bcbc-bci 3
fag-bci 1
bbhe-bci 24
bbf-bci 1
bagb-bci 6
129
7
eac-bcj 1
bbf-bcj 1
iff-bcj 10
bah-bcj 1
cjh-bcj 1
cjg-bcj 1
icj-bcj 1
130
6
dfj-bda 4
ia-bda 1
eh-bda 2
fbe-bda 1
dhg-bda 3
ffa-bda 20
131
8
bfc-bdb 1
efd-bdb 6
fib-bdb 1
deh-bdb 2
djh-bdb 1
jbg-bdb 1
bhb-bdb 1
cda-bdb 1
132
9
bbah-bdc 1
fdc-bdc 3
bbjh-bdc 1
fee-bdc 9
cfc-bdc 1
jbg-bdc 2
bbfe-bdc 1
bfea-bdc 6
bec-bdc 1
133
5
bja-bdd 1
bece-bdd 3
bcgc-bdd 7
bjf-bdd 1
efa-bdd 1
134
6
bba-bde 1
gge-bde 1
hhi-bde 1
beec-bde 1
bdh-bde 1
iah-bde 1
135
6
gea-bdf 6
bhe-bdf 1
hcg-bdf 14
hc-bdf 1
bbab-bdf 5
gbf-bdf 2
136
8
bahh-bdg 15
djj-bdg 1
jdg-bdg 2
cha-bdg 2
dhi-bdg 1
ch-bdg 1
bbij-bdg 8
bcc-bdg 1
137
4
feh-bdh 1
jjg-bdh 3
edg-bdh 1
ce-bdh 1
138
6
bffi-bdi 1
ich-bdi 1
iic-bdi 20
gci-bdi 4
jbe-bdi 1
bcfj-bdi 1
139
7
ffb-bdj 1
geh-bdj 12
igb-bdj 1
igg-bdj 1
jfe-bdj 9
hhc-bdj 1
bbbh-bdj 1
140
4
dgb-bea 1
dgc-bea 3
fif-bea 1
cdh-bea 1
141
8
edh-beb 1
dci-beb 1
cbe-beb 1
djg-beb 1
hia-beb 12
cbg-beb 1
fe-beb 1
ffd-beb 1
142
8
bdei-bec 6
hj-bec 4
hea-bec 7
ica-bec 1
eei-bec 1
ii-bec 2
hff-bec 1
bdh-bec 1
143
6
feh-bed 1
begd-bed 1
ica-bed 1
bhc-bed 1
cd-bed 10
cfa-bed 1
144
5
bgbe-bee 87
dfg-bee 1
gjd-bee 2
bbej-bee 1
cfa-bee 1
145
4
fgj-bef 2
jei-bef 1
bjd-bef 1
dai-bef 2
146
5
hgd-beg 1
fei-beg 1
ea-beg 1
bja-beg 1
bef-beg 1
147
9
ccg-beh 1
ieh-beh 13
gdd-beh 1
hi-beh 2
ef-beh 1
bab-beh 1
cia-beh 1
ih-beh 1
jbj-beh 1
148
5
jbi-bei 1
jca-bei 14
fge-bei 6
becg-bei 1
bcgi-bei 4
149
5
cdi-bej 1
bdb-bej 1
bec-bej 2
fif-bej 6
dbi-bej 1
150
5
cdf-bfa 1
ddd-bfa 1
egg-bfa 1
cjd-bfa 3
ifi-bfa 1
151
2
bdji-bfb 5
fda-bfb 1
152
9
ifh-bfc 1
cei-bfc 1
bafi-bfc 2
fbb-bfc 1
cdb-bfc 1
fcb-bfc 1
dhb-bfc 1
dcb-bfc 20
gbi-bfc 1
153
4
haa-bfd 1
bif-bfd 1
cie-bfd 1
jgi-bfd 1
154
5
hff-bfe 1
cgh-bfe 1
gbc-bfe 1
dch-bfe 6
baea-bfe 5
155
4
eec-bff 2
bcie-bff 1
fdh-bff 1
gfe-bff 2
156
8
fh-bfg 1
be-bfg 1
bef-bfg 1
dae-bfg 1
hj-bfg 1
hhe-bfg 1
bgac-bfg 12
efi-bfg 1
157
4
gcj-bfh 1
baf-bfh 1
bae-bfh 1
eaa-bfh 1
158
7
gaa-bfi 41
bacf-bfi 1
idg-bfi 2
bgci-bfi 79
ich-bfi 1
jhe-bfi 1
ecj-bfi 1
159
5
gce-bfj 1
bii-bfj 1
ded-bfj 1
jjj-bfj 2
gif-bfj 1
160
3
efe-bga 1
dij-bga 1
hbd-bga 7
161
6
hea-bgb 15
dff-bgb 1
cgc-bgb 2
bahe-bgb 1
bcga-bgb 1
bedd-bgb 1
162
7
ehc-bgc 1
ffi-bgc 1
cff-bgc 1
cdb-bgc 1
fd-bgc 1
cgd-bgc 1
bdeh-bgc 2
163
5
bgdh-bgd 1
f-bgd 1
dbj-bgd 1
edg-bgd 3
gd-bgd 1
164
3
jif-bge 3
d-bge 1
hci-bge 3
165
4
bd-bgf 1
bie-bgf 1
baih-bgf 1
iaa-bgf 4
166
6
bcaa-bgg 9
id-bgg 1
heh-bgg 6
babe-bgg 1
bdde-bgg 1
ehg-bgg 9
167
5
cej-bgh 1
bfgh-bgh 1
dbg-bgh 2
be-bgh 1
cgg-bgh 1
168
8
cej-bgi 1
daj-bgi 10
bc-bgi 1
bhh-bgi 2
baa-bgi 1
dda-bgi 1
cbi-bgi 5
eij-bgi 1
169
5
bffe-bgj 1
hch-bgj 1
jai-bgj 1
djh-bgj 1
hbh-bgj 1
170
8
bde-bha 1
gi-bha 11
bi-bha 1
bff-bha 1
ccd-bha 1
ddd-bha 1
edd-bha 1
fh-bha 1
171
6
hhd-bhb 6
jh-bhb 1
cda-bhb 1
fcb-bhb 1
bfbi-bhb 1
ih-bhb 1
172
6
eje-bhc 1
edf-bhc 1
bfe-bhc 1
bagf-bhc 4
gfg-bhc 1
bbfd-bhc 14
173
4
eed-bhd 1
bcb-bhd 1
hj-bhd 1
gii-bhd 1
174
5
cfe-bhe 3
daa-bhe 30
ebi-bhe 1
bgj-bhe 1
chd-bhe 1
175
6
dgi-bhf 1
cgi-bhf 1
ca-bhf 1
bci-bhf 3
ech-bhf 1
jga-bhf 1
176
7
cbg-bhg 1
cfi-bhg 1
iga-bhg 1
bci-bhg 1
cdi-bhg 13
baf-bhg 1
babb-bhg 1
177
4
cch-bhh 1
cbc-bhh 1
bai-bhh 1
efe-bhh 3
178
5
gbb-bhi 1
cdb-bhi 1
ibh-bhi 3
eaj-bhi 5
bacb-bhi 1
179
7
cb-bhj 1
dbf-bhj 1
hg-bhj 1
fha-bhj 1
ghd-bhj 1
hbc-bhj 1
bafb-bhj 11
180
4
cch-bia 1
hi-bia 1
bjg-bia 1
dac-bia 1
181
3
eae-bib 53
fhc-bib 1
hjj-bib 1
182
4
eee-bic 1
hdc-bic 1
baa-bic 1
dc-bic 1
183
4
dec-bid 1
bef-bid 1
bajd-bid 1
beh-bid 1
184
11
eig-bie 1
cdc-bie 1
bcc-bie 1
bde-bie 1
dbe-bie 1
cfe-bie 1
bbc-bie 1
bae-bie 1
bef-bie 1
hdd-bie 2
bcai-bie 1
185
5
babf-bif 18
bgcg-bif 40
cji-bif 1
bahf-bif 1
je-bif 1
186
2
bdde-big 1
deg-big 1
187
4
dcf-bih 3
bcff-bih 17
ccj-bih 1
hef-bih 1
188
5
ejd-bii 1
bga-bii 1
caj-bii 1
dfa-bii 1
bcej-bii 2
189
6
gfi-bij 1
cia-bij 2
eab-bij 1
bcj-bij 1
ba-bij 1
cha-bij 3
190
3
ded-bja 5
dig-bja 1
dca-bja 65
191
4
bbee-bjb 3
bcdb-bjb 2
db-bjb 1
fed-bjb 1
192
5
baad-bjc 4
ibe-bjc 1
bagc-bjc 1
eia-bjc 1
ggh-bjc 1
193
5
ghb-bjd 8
bij-bjd 1
di-bjd 1
gd-bjd 1
hdg-bjd 31
194
4
dgf-bje 1
eja-bje 1
cga-bje 2
ecd-bje 18
195
6
hie-bjf 1
hii-bjf 1
hic-bjf 13
baff-bjf 90
ecg-bjf 9
bccc-bjf 1
196
3
dih-bjg 1
df-bjg 1
cec-bjg 1
197
6
bcb-bjh 1
eah-bjh 1
djg-bjh 1
cd-bjh 2
jeb-bjh 1
gfd-bjh 1
198
4
fdj-bji 1
cgh-bji 1
dbg-bji 1
beeb-bji 11
199
4
edg-bjj 1
baad-bjj 64
gci-bjj 11
jhe-bjj 6
200
6
jgd-caa 1
dhc-caa 1
bafd-caa 1
ecb-caa 1
djj-caa 1
hfg-caa 1
201
6
jca-cab 1
bdg-cab 5
daf-cab 1
bef-cab 1
jbg-cab 1
cjd-cab 2
202
5
djc-cac 1
fid-cac 6
dbf-cac 7
bbdh-cac 1
cgd-cac 1
203
3
ege-cad 1
edd-cad 1
icg-cad 1
204
8
hhb-cae 3
bccg-cae 3
cci-cae 1
chb-cae 1
bcb-cae 4
bea-cae 1
gdi-cae 1
jcd-cae 1
205
3
ghc-caf 1
gag-caf 1
bafb-caf 25
206
4
bbg-cag 1
fbi-cag 1
cie-cag 5
ebb-cag 1
207
6
cce-cah 1
fac-cah 1
bahc-cah 1
bebe-cah 3
ih-cah 1
fde-cah 1
208
2
jda-cai 1
gdb-cai 1
209
4
eji-caj 1
eba-caj 1
jh-caj 1
ghh-caj 1
210
4
bgdd-cba 25
bfi-cba 1
bbjf-cba 44
bccb-cba 2
211
5
be-cbb 1
cge-cbb 1
da-cbb 1
ihc-cbb 1
ca-cbb 1
212
2
bcdg-cbc 27
efg-cbc 55
213
8
jfc-cbd 53
eag-cbd 2
chb-cbd 1
jej-cbd 1
ehe-cbd 1
bif-cbd 1
bcdc-cbd 3
cec-cbd 1
214
1
bbcc-cbe 20
215
3
ceb-cbf 1
cdj-cbf 1
bff-cbf 1
216
4
bdg-cbg 1
hjj-cbg 1
becj-cbg 18
bbfi-cbg 14
217
5
bhi-cbh 5
ej-cbh 1
jhi-cbh 1
caj-cbh 1
bfg-cbh 1
218
3
ebh-cbi 1
ede-cbi 24
bdi-cbi 1
219
5
gjj-cbj 4
hi-cbj 1
jec-cbj 1
db-cbj 1
dcf-cbj 1
220
6
bbdb-cca 1
cbe-cca 1
ihg-cca 1
bbi-cca 1
ehi-cca 1
eea-cca 1
221
6
eig-ccb 1
d-ccb 1
ddd-ccb 1
jeh-ccb 1
ejj-ccb 1
bjj-ccb 1
222
3
jfh-ccc 6
bcda-ccc 1
eag-ccc 2
223
6
cjf-ccd 1
bajb-ccd 4
feh-ccd 1
dhh-ccd 1
ecd-ccd 1
eae-ccd 1
224
4
bceh-cce 1
daf-cce 1
bdc-cce 1
hdf-cce 1
225
7
ihi-ccf 56
dca-ccf 7
ga-ccf 4
bfdd-ccf 1
jeg-ccf 1
hcc-ccf 1
ghd-ccf 1
226
7
ide-ccg 1
fhh-ccg 1
hde-ccg 1
bahi-ccg 1
ijd-ccg 1
hjh-ccg 1
bih-ccg 1
227
4
bhe-cch 1
ice-cch 1
baaf-cch 7
egd-cch 15
228
4
ceb-cci 1
haf-cci 1
bgbg-cci 9
bbfd-cci 8
229
6
cch-ccj 1
eeb-ccj 2
j-ccj 1
hji-ccj 8
bch-ccj 1
gdf-ccj 1
230
3
jae-cda 1
dd-cda 1
ejd-cda 1
231
4
jaa-cdb 2
fcf-cdb 1
bff-cdb 1
ejg-cdb 31
232
6
ccj-cdc 1
gac-cdc 1
fad-cdc 2
eb-cdc 1
hjg-cdc 1
ddj-cdc 3
233
2
db-cdd 1
bebi-cdd 4
234
7
bjb-cde 1
fff-cde 1
gge-cde 1
bdia-cde 1
bj-cde 1
hhb-cde 2
bi-cde 1
235
5
dfa-cdf 1
bhj-cdf 2
badh-cdf 1
fjc-cdf 63
iee-cdf 1
236
6
bdf-cdg 1
dff-cdg 38
eif-cdg 1
cid-cdg 1
bfjd-cdg 2
gcf-cdg 1
237
3
gd-cdh 1
bbja-cdh 49
gfd-cdh 1
238
4
beha-cdi 19
deb-cdi 1
j-cdi 5
jbc-cdi 1
239
3
hgg-cdj 1
chh-cdj 1
ega-cdj 5
240
7
if-cea 1
cac-cea 1
cfi-cea 1
che-cea 8
jaj-cea 12
gbi-cea 1
be-cea 1
241
6
dhh-ceb 1
bch-ceb 1
cii-ceb 1
bfj-ceb 1
bdea-ceb 54
dfe-ceb 1
242
4
bajb-cec 3
bdg-cec 1
bbc-cec 1
bad-cec 1
243
3
cah-ced 1
bbgc-ced 5
efg-ced 1
244
3
ic-cee 3
jhc-cee 1
eej-cee 1
245
4
bha-cef 3
bfi-cef 3
bbec-cef 1
dab-cef 1
246
4
gdg-ceg 1
cah-ceg 2
iag-ceg 1
bfa-ceg 1
247
4
cic-ceh 1
eeg-ceh 1
bje-ceh 1
gdd-ceh 1
248
5
ddf-cei 1
fhi-cei 1
dgf-cei 1
ehj-cei 1
bfb-cei 1
249
8
bh-cej 9
bbee-cej 5
bda-cej 1
dif-cej 2
ef-cej 1
bbeg-cej 5
gig-cej 1
jej-cej 1
250
5
eb-cfa 1
hdi-cfa 2
ice-cfa 4
gei-cfa 15
bdhb-cfa 20
251
7
fhe-cfb 2
fgg-cfb 1
cea-cfb 1
baga-cfb 1
gje-cfb 1
fc-cfb 1
g-cfb 1
252
3
ieg-cfc 1
gef-cfc 1
eca-cfc 1
253
6
a-cfd 1
geb-cfd 1
bcdh-cfd 1
bchd-cfd 6
ccg-cfd 1
cje-cfd 1
254
2
jf-cfe 1
ijc-cfe 3
255
5
hjf-cff 1
hda-cff 3
ejg-cff 14
egj-cff 1
bafc-cff 7
256
4
bbdg-cfg 11
ej-cfg 4
gic-cfg 2
bfdb-cfg 7
257
7
bbee-cfh 1
gbg-cfh 1
cie-cfh 54
baj-cfh 1
bee-cfh 1
cid-cfh 1
fjh-cfh 1
258
5
badf-cfi 1
chd-cfi 1
dhi-cfi 3
eec-cfi 1
bcfi-cfi 1
259
6
efb-cfj 1
cfi-cfj 5
fh-cfj 1
bd-cfj 1
beb-cfj 1
dib-cfj 1
260
7
chf-cga 1
cgd-cga 1
bhb-cga 3
chj-cga 1
bcjf-cga 21
dh-cga 1
cah-cga 1
261
5
da-cgb 8
dch-cgb 1
gdf-cgb 3
dhd-cgb 1
deb-cgb 4
262
6
fji-cgc 1
cdb-cgc 1
hdb-cgc 1
ee-cgc 1
ica-cgc 1
hfc-cgc 1
263
6
dcj-cgd 1
bafi-cgd 1
bec-cgd 1
bajg-cgd 1
dcf-cgd 8
bafd-cgd 3
264
6
bfc-cge 2
bba-cge 1
fh-cge 1
hai-cge 1
ea-cge 1
cci-cge 1
265
5
fcc-cgf 7
bgbh-cgf 8
gie-cgf 1
ibe-cgf 1
dej-cgf 1
266
5
dib-cgg 1
bdh-cgg 1
bii-cgg 1
fhc-cgg 3
bgae-cgg 1
267
5
hif-cgh 1
hc-cgh 4
bdhc-cgh 116
babb-cgh 1
cag-cgh 3
268
5
ia-cgi 1
baaa-cgi 51
djh-cgi 1
fdh-cgi 6
daf-cgi 1
269
4
eag-cgj 1
fei-cgj 1
ifi-cgj 2
dgg-cgj 1
270
6
ged-cha 3
bhi-cha 1
dcb-cha 2
egj-cha 2
dhj-cha 1
gfh-cha 1
271
3
eci-chb 1
bcbi-chb 4
fff-chb 1
272
5
jfb-chc 1
hba-chc 1
bbfj-chc 2
fjc-chc 1
jhd-chc 7
273
4
dfj-chd 1
bfbg-chd 13
ebh-chd 1
cjc-chd 1
274
4
dbj-che 1
eah-che 1
befj-che 8
dej-che 1
275
5
ehb-chf 1
fch-chf 4
eca-chf 55
hfb-chf 1
did-chf 1
276
4
hja-chg 1
iab-chg 1
edh-chg 1
fc-chg 1
277
4
cid-chh 1
ddj-chh 1
cbb-chh 1
ca-chh 1
278
6
ibj-chi 1
cee-chi 1
bbc-chi 24
hga-chi 1
jeh-chi 1
bbea-chi 6
279
6
hhi-chj 1
fg-chj 1
fjd-chj 1
dia-chj 1
bgh-chj 1
jg-chj 1
280
4
eie-cia 1
jej-cia 1
cce-cia 1
jj-cia 1
281
5
bdhh-cib 17
eha-cib 25
bdhb-cib 4
hh-cib 1
bcce-cib 2
282
5
dhi-cic 3
igc-cic 1
ifd-cic 1
jce-cic 1
bbi-cic 1
283
11
bdh-cid 1
cab-cid 1
fic-cid 1
ebi-cid 1
fcf-cid 3
dfd-cid 1
dfa-cid 1
hgg-cid 1
cjb-cid 12
ehb-cid 1
bii-cid 1
284
3
jfi-cie 106
gg-cie 51
bih-cie 1
285
8
dcb-cif 1
gfe-cif 1
baed-cif 1
dae-cif 1
idd-cif 1
bbai-cif 1
bcja-cif 49
dgb-cif 1
286
6
dge-cig 1
hbj-cig 2
hai-cig 1
hdd-cig 1
eef-cig 1
bbac-cig 1
287
2
icg-cih 24
cda-cih 1
288
6
cah-cii 1
gbi-cii 1
gc-cii 1
baha-cii 7
ggd-cii 1
dad-cii 1
289
4
cch-cij 1
dgf-cij 2
ch-cij 1
bgi-cij 1
290
6
ija-cja 1
dge-cja 1
hcj-cja 3
bcaa-cja 3
ehg-cja 2
ead-cja 1
291
4
bagh-cjb 1
beba-cjb 14
jbi-cjb 1
eei-cjb 1
292
4
bada-cjc 10
db-cjc 1
bfgi-cjc 54
bcih-cjc 3
293
2
eje-cjd 1
bdaa-cjd 6
294
3
cea-cje 3
bbi-cje 1
fje-cje 1
295
3
cgb-cjf 1
dba-cjf 1
egf-cjf 1
296
1
cgb-cjg 1
297
5
jfd-cjh 1
hhf-cjh 1
da-cjh 1
he-cjh 1
dci-cjh 1
298
6
id-cji 1
dbj-cji 1
hbd-cji 1
bdce-cji 5
bdcg-cji 1
bee-cji 1
299
6
bfeb-cjj 9
jah-cjj 36
bgh-cjj 1
bcie-cjj 1
cc-cjj 1
fci-cjj 1
300
6
ih-daa 1
fh-daa 1
bfde-daa 19
bbhc-daa 5
edd-daa 1
jjb-daa 7
301
6
icf-dab 1
bace-dab 1
bef-dab 1
hi-dab 21
ede-dab 1
cjh-dab 1
302
5
iid-dac 1
fgc-dac 1
de-dac 1
dce-dac 1
bgi-dac 1
303
4
gcb-dad 2
gfd-dad 16
dab-dad 1
gfe-dad 5
304
4
bcib-dae 27
ebf-dae 1
fce-dae 4
baaa-dae 1
305
7
badi-daf 32
fbb-daf 9
bdag-daf 1
bddb-daf 1
jae-daf 1
bdcb-daf 20
cha-daf 1
306
3
hcd-dag 1
jg-dag 1
eb-dag 1
307
4
cgi-dah 1
ggg-dah 1
ihj-dah 1
ehc-dah 1
308
6
bafa-dai 2
ebd-dai 1
dhc-dai 1
chh-dai 1
bchi-dai 3
ejb-dai 1
309
6
dce-daj 1
dhe-daj 1
fhj-daj 3
ebb-daj 1
geh-daj 11
fae-daj 1
310
3
bff-dba 1
hhj-dba 12
gdh-dba 1
311
4
dgi-dbb 1
eaa-dbb 72
dfc-dbb 1
cjb-dbb 2
312
2
dah-dbc 2
hca-dbc 4
313
5
bfg-dbd 1
gcb-dbd 14
ceg-dbd 1
bbg-dbd 1
bdjf-dbd 3
314
3
bcaf-dbe 8
dfh-dbe 1
dac-dbe 1
315
7
dac-dbf 1
gdc-dbf 1
ei-dbf 1
gib-dbf 83
baad-dbf 3
eid-dbf 1
bbcb-dbf 1
316
3
ffg-dbg 1
iag-dbg 80
dab-dbg 4
317
5
cdb-dbh 1
fha-dbh 6
caa-dbh 1
gfj-dbh 1
cid-dbh 1
318
5
edd-dbi 3
bcaa-dbi 2
eia-dbi 1
fah-dbi 1
ch-dbi 1
319
6
gjf-dbj 1
cgb-dbj 1
bb-dbj 1
dad-dbj 1
dhd-dbj 3
cg-dbj 1
320
5
bdii-dca 15
bda-dca 11
badg-dca 1
a-dca 1
jbi-dca 50
321
6
efg-dcb 1
jia-dcb 1
fi-dcb 2
gbj-dcb 1
eda-dcb 9
gad-dcb 10
322
9
di-dcc 7
jah-dcc 11
heg-dcc 1
fbb-dcc 1
cdd-dcc 1
eie-dcc 1
chf-dcc 5
ddf-dcc 1
gdi-dcc 1
323
4
cg-dcd 1
gda-dcd 1
gjc-dcd 1
cfg-dcd 1
324
4
cce-dce 1
ebg-dce 1
bcg-dce 1
jef-dce 63
325
5
bbja-dcf 12
cgb-dcf 3
fea-dcf 2
fce-dcf 1
bhe-dcf 1
326
3
jjj-dcg 1
dca-dcg 3
cd-dcg 1
327
5
bdgc-dch 1
cjc-dch 1
jai-dch 32
dh-dch 1
eca-dch 1
328
5
ddg-dci 1
ehi-dci 2
dae-dci 1
cge-dci 1
bcef-dci 6
329
5
begb-dcj 2
jcg-dcj 11
dhd-dcj 1
dbj-dcj 1
bde-dcj 1
330
4
cea-dda 1
dai-dda 1
bjj-dda 1
fjj-dda 1
331
6
bbdj-ddb 1
eig-ddb 1
bdge-ddb 1
ddd-ddb 1
cjb-ddb 1
bcea-ddb 1
332
5
bfjb-ddc 7
dac-ddc 1
bja-ddc 3
beg-ddc 1
ia-ddc 1
333
4
bci-ddd 1
gfa-ddd 1
hed-ddd 1
beef-ddd 7
334
9
ehd-dde 1
ifj-dde 1
d-dde 4
ghh-dde 7
gaa-dde 1
dbe-dde 1
ejf-dde 1
fbe-dde 1
bbj-dde 1
335
7
bei-ddf 1
jh-ddf 1
eij-ddf 4
eb-ddf 3
chf-ddf 1
fcf-ddf 9
id-ddf 1
336
3
eid-ddg 6
cdi-ddg 1
cgc-ddg 1
337
4
ef-ddh 2
ech-ddh 1
baa-ddh 14
edi-ddh 1
338
6
ef-ddi 1
bjc-ddi 1
fib-ddi 1
jja-ddi 1
ehd-ddi 1
cfa-ddi 1
339
6
ehi-ddj 1
ccd-ddj 1
dia-ddj 1
ecg-ddj 11
haa-ddj 6
ihj-ddj 1
340
6
dia-dea 1
ejd-dea 12
ief-dea 6
ebe-dea 1
bgi-dea 2
edh-dea 4
341
6
hfg-deb 2
hgj-deb 1
hha-deb 1
hjc-deb 1
cbi-deb 18
fei-deb 2
342
5
bcgh-dec 2
bg-dec 1
bfg-dec 10
ba-dec 1
fdc-dec 1
343
5
jab-ded 1
gij-ded 8
ddc-ded 1
ihf-ded 11
bdbb-ded 1
344
5
fhb-dee 1
cia-dee 1
fji-dee 1
dhc-dee 1
dej-dee 1
345
3
bajh-def 2
jfi-def 14
ceb-def 1
346
6
eec-deg 2
hia-deg 2
cdh-deg 1
fhd-deg 6
cfb-deg 1
bceg-deg 1
347
4
iji-deh 1
gcf-deh 1
ifa-deh 1
dj-deh 1
348
2
fif-dei 1
gjc-dei 1
349
4
babg-dej 2
bcah-dej 136
dif-dej 2
fda-dej 4
350
5
ege-dfa 2
bfb-dfa 1
fie-dfa 3
hab-dfa 2
eai-dfa 1
351
3
e-dfb 14
bde-dfb 1
ehb-dfb 1
352
7
cjc-dfc 1
fgj-dfc 2
ghb-dfc 1
ca-dfc 1
fgg-dfc 1
ddc-dfc 1
eb-dfc 1
353
6
bbae-dfd 1
gcb-dfd 1
bfcc-dfd 2
idj-dfd 12
bga-dfd 1
da-dfd 1
354
4
ejd-dfe 1
badc-dfe 1
baac-dfe 13
ii-dfe 3
355
5
heg-dff 2
gie-dff 11
jha-dff 1
hii-dff 34
ife-dff 1
356
3
eib-dfg 66
dhf-dfg 1
cdj-dfg 1
357
5
beci-dfh 5
fhb-dfh 8
bbcb-dfh 5
fee-dfh 6
hg-dfh 1
358
3
baac-dfi 1
hgh-dfi 91
egd-dfi 14
359
3
ejd-dfj 1
eb-dfj 1
bbah-dfj 6
360
5
fff-dga 6
bcdg-dga 22
dgi-dga 1
g-dga 1
cb-dga 1
361
2
cad-dgb 1
bcae-dgb 6
362
6
fib-dgc 3
jic-dgc 4
jja-dgc 1
bdbb-dgc 1
c-dgc 1
bc-dgc 1
363
9
feh-dgd 1
bbjf-dgd 4
ifg-dgd 1
ebc-dgd 1
badi-dgd 2
cbc-dgd 1
bajj-dgd 2
bfa-dgd 1
ifb-dgd 1
364
6
ifc-dge 1
dc-dge 1
ef-dge 1
beaa-dge 1
hcj-dge 1
bccf-dge 5
365
4
bffd-dgf 1
dhf-dgf 1
jfj-dgf 1
bbba-dgf 9
366
3
bg-dgg 1
dce-dgg 1
bced-dgg 1
367
2
dff-dgh 1
idi-dgh 6
368
5
ceb-dgi 1
cgg-dgi 1
bbf-dgi 1
deb-dgi 4
ibf-dgi 2
369
4
gg-dgj 6
ghb-dgj 1
bcab-dgj 2
bea-dgj 3
370
4
jhi-dha 1
ecg-dha 1
dij-dha 1
dji-dha 1
371
3
d-dhb 1
ebh-dhb 3
bajb-dhb 3
372
7
dfg-dhc 1
dbg-dhc 68
bbed-dhc 1
bbce-dhc 9
ccd-dhc 1
jii-dhc 6
bdab-dhc 5
373
6
hfh-dhd 1
baeg-dhd 8
ije-dhd 6
cdi-dhd 2
fhc-dhd 1
dgh-dhd 7
374
6
dca-dhe 2
bbhi-dhe 10
ieg-dhe 1
bbhb-dhe 3
ehb-dhe 1
bbii-dhe 6
375
5
cjd-dhf 2
baga-dhf 12
ebj-dhf 5
bcf-dhf 1
ich-dhf 1
376
4
bfe-dhg 6
ida-dhg 1
begf-dhg 1
beab-dhg 1
377
5
bbh-dhh 1
gbg-dhh 1
dgf-dhh 2
bbb-dhh 1
bdac-dhh 3
378
6
ihg-dhi 11
bcab-dhi 1
bbbb-dhi 1
fjf-dhi 1
fhf-dhi 1
ebh-dhi 1
379
7
ddj-dhj 12
idf-dhj 9
fce-dhj 1
icc-dhj 1
begh-dhj 1
idc-dhj 1
ecj-dhj 1
380
4
jcc-dia 1
hge-dia 1
ecg-dia 81
bdc-dia 1
381
4
dhj-dib 3
bgg-dib 1
cfd-dib 1
ffd-dib 1
382
8
jff-dic 1
edj-dic 5
bbgj-dic 1
fh-dic 1
hhd-dic 1
dih-dic 1
hc-dic 1
ebi-dic 1
383
6
hid-did 1
dhg-did 1
bab-did 1
ccj-did 1
bgj-did 1
eii-did 1
384
6
jeb-die 1
fea-die 1
fac-die 8
fig-die 1
baag-die 24
dci-die 1
385
1
bbdh-dif 15
386
3
fcd-dig 14
hih-dig 3
edj-dig 4
387
2
fdg-dih 7
bbjg-dih 1
388
2
bdeg-dii 4
bage-dii 9
389
5
bacf-dij 1
hhe-dij 9
eai-dij 1
cga-dij 1
ici-dij 85
390
2
bhe-dja 1
bdhi-dja 1
391
2
jjj-djb 11
eee-djb 1
392
3
ddi-djc 2
jaj-djc 11
dba-djc 2
393
6
ceb-djd 1
jdd-djd 1
bejh-djd 1
jif-djd 1
cie-djd 1
ifd-djd 2
394
7
bbj-dje 1
beaj-dje 21
dbi-dje 1
he-dje 1
ddc-dje 1
dbh-dje 1
hag-dje 1
395
2
eha-djf 1
di-djf 1
396
7
hca-djg 3
baa-djg 1
jbc-djg 1
bceg-djg 1
cji-djg 1
efi-djg 1
bcc-djg 1
397
9
bif-djh 1
beca-djh 4
gai-djh 1
bdef-djh 19
bdh-djh 1
gdg-djh 3
ebi-djh 6
djb-djh 1
cjc-djh 27
398
4
cic-dji 1
bahj-dji 1
hhj-dji 2
cha-dji 1
399
6
bbc-djj 6
egi-djj 1
jib-djj 8
dec-djj 3
caj-djj 1
dda-djj 1
400
7
jbb-eaa 1
bif-eaa 1
bee-eaa 82
hbg-eaa 1
hjj-eaa 9
ghi-eaa 1
eji-eaa 1
401
4
bdha-eab 2
bbga-eab 20
fh-eab 1
chi-eab 2
402
5
bagg-eac 2
jhi-eac 1
bcc-eac 1
big-eac 1
cej-eac 9
403
4
dj-ead 1
caf-ead 3
chj-ead 1
dce-ead 1
404
7
fed-eae 1
bic-eae 1
gai-eae 1
gdc-eae 1
fhi-eae 1
icb-eae 89
edd-eae 1
405
4
ghj-eaf 1
fde-eaf 1
fgj-eaf 1
jc-eaf 1
406
5
gff-eag 3
ca-eag 1
hea-eag 1
hgb-eag 1
cfa-eag 1
407
5
bbcf-eah 93
cgd-eah 1
eca-eah 10
bcaj-eah 3
gdj-eah 2
408
4
bbec-eai 27
be-eai 1
ffa-eai 1
efh-eai 1
409
4
beec-eaj 7
dfj-eaj 1
jfa-eaj 1
eae-eaj 1
410
6
cee-eba 1
bif-eba 50
feb-eba 2
gih-eba 1
bjj-eba 1
bebc-eba 2
411
7
fff-ebb 2
ebg-ebb 1
fac-ebb 1
ggb-ebb 1
beb-ebb 2
iij-ebb 8
ffd-ebb 5
412
3
ecb-ebc 1
bjg-ebc 1
baej-ebc 1
413
8
ejb-ebd 1
dgi-ebd 3
bdae-ebd 21
had-ebd 1
bcce-ebd 3
cbb-ebd 1
badb-ebd 16
cag-ebd 1
414
6
hfg-ebe 1
ebb-ebe 1
df-ebe 3
bfhc-ebe 2
ceb-ebe 1
dgb-ebe 1
415
4
fhf-ebf 1
bfd-ebf 1
ijf-ebf 1
bge-ebf 1
416
3
fga-ebg 1
dcf-ebg 1
ghg-ebg 1
417
4
bahf-ebh 2
daf-ebh 1
icg-ebh 67
hdg-ebh 1
418
3
ebc-ebi 1
hfe-ebi 11
ebd-ebi 1
419
5
djj-ebj 9
igf-ebj 1
ehi-ebj 7
ghd-ebj 1
jgc-ebj 30
420
5
jff-eca 1
dbf-eca 2
jga-eca 79
dhi-eca 1
eh-eca 9
421
2
daj-ecb 1
bchc-ecb 12
422
10
fbe-ecc 1
gce-ecc 1
jc-ecc 1
bdch-ecc 27
idf-ecc 1
babd-ecc 1
ejd-ecc 1
edi-ecc 1
bdie-ecc 1
cd-ecc 1
423
3
dha-ecd 1
jfj-ecd 94
fba-ecd 1
424
4
ici-ece 1
eeh-ece 1
ecd-ece 1
eaa-ece 3
425
6
dh-ecf 1
eed-ecf 1
dc-ecf 1
beh-ecf 5
cib-ecf 1
dgb-ecf 1
426
3
dfa-ecg 1
bcca-ecg 100
fbc-ecg 1
427
5
jjc-ech 5
bajd-ech 1
hcd-ech 65
dbh-ech 2
fcf-ech 1
428
4
dh-eci 1
hcg-eci 13
jac-eci 5
cei-eci 1
429
3
ihi-ecj 3
fbc-ecj 1
gbj-ecj 1
430
7
dhf-eda 14
eai-eda 1
igj-eda 1
bdcg-eda 2
hbd-eda 1
dgb-eda 1
bbdb-eda 6
431
7
ff-edb 1
gec-edb 1
jj-edb 2
iia-edb 1
fb-edb 1
eci-edb 1
gdd-edb 4
432
5
ggi-edc 1
ihi-edc 1
baa-edc 2
bhb-edc 1
dci-edc 1
433
6
bdh-edd 4
ebd-edd 1
gag-edd 1
bai-edd 1
dfa-edd 1
cbe-edd 16
434
4
ffi-ede 4
jh-ede 53
ejb-ede 1
jbb-ede 6
435
6
hba-edf 7
bdfe-edf 6
dic-edf 1
bdag-edf 1
ci-edf 1
fah-edf 1
436
6
ggd-edg 2
bgd-edg 1
ddc-edg 1
ie-edg 1
cde-edg 3
jgh-edg 2
437
5
beb-edh 1
dah-edh 1
bbgb-edh 17
cfj-edh 1
hcd-edh 4
438
9
bjd-edi 1
baib-edi 1
bda-edi 1
egf-edi 2
gie-edi 1
eja-edi 1
cfj-edi 1
ccg-edi 1
gah-edi 1
439
3
cfb-edj 1
egf-edj 57
egj-edj 6
440
4
igj-eea 1
gcc-eea 1
bgj-eea 1
djh-eea 1
441
4
hei-eeb 1
dec-eeb 1
hgh-eeb 2
bab-eeb 1
442
4
dge-eec 6
hci-eec 6
bha-eec 1
cbe-eec 1
443
4
jhc-eed 3
fcg-eed 13
iaa-eed 125
gcd-eed 2
444
3
chb-eee 1
idg-eee 3
fgi-eee 1
445
5
bie-eef 1
jad-eef 1
bdcd-eef 1
bdg-eef 10
dej-eef 1
446
6
dcc-eeg 1
chg-eeg 1
dji-eeg 1
badg-eeg 1
cfe-eeg 1
bfc-eeg 2
447
3
bcc-eeh 1
gbb-eeh 1
fbd-eeh 1
448
5
haj-eei 1
ejc-eei 1
fii-eei 1
bih-eei 3
beed-eei 83
449
4
bcih-eej 10
bbif-eej 3
bcag-eej 2
chc-eej 1
450
7
hch-efa 7
cbb-efa 1
jia-efa 7
ii-efa 1
dhd-efa 1
bccg-efa 3
egc-efa 1
451
3
ehc-efb 3
bbgj-efb 1
eib-efb 1
452
4
bhh-efc 1
hd-efc 1
ehd-efc 4
fdg-efc 1
453
4
fei-efd 38
iac-efd 1
bbc-efd 1
igj-efd 1
454
2
ija-efe 2
bcdb-efe 103
455
5
hgf-eff 4
fff-eff 2
bbed-eff 1
bjf-eff 75
jge-eff 10
456
5
fii-efg 1
iib-efg 40
bbj-efg 2
daf-efg 1
bcad-efg 41
457
7
ded-efh 10
fde-efh 1
dci-efh 1
iic-efh 12
ibb-efh 1
igc-efh 4
bbeg-efh 1
458
3
eec-efi 3
eed-efi 1
icc-efi 1
459
6
fje-efj 1
fhc-efj 1
efe-efj 1
gde-efj 1
bbca-efj 2
bbfa-efj 2
460
8
bbac-ega 1
feh-ega 2
icf-ega 1
jca-ega 6
bac-ega 4
bja-ega 32
cbg-ega 1
cgd-ega 1
461
6
jg-egb 1
hic-egb 6
fdb-egb 1
bcdf-egb 24
cdg-egb 1
efi-egb 1
462
2
ddc-egc 1
ccj-egc 1
463
4
bdhg-egd 2
ebd-egd 1
bbf-egd 1
cfa-egd 32
464
6
dbb-ege 1
bg-ege 1
ecb-ege 1
ifi-ege 2
dib-ege 1
fdb-ege 1
465
4
cha-egf 1
ifd-egf 31
fge-egf 13
eae-egf 24
466
5
die-egg 1
jia-egg 2
idd-egg 6
eaj-egg 4
ed-egg 1
467
3
cii-egh 1
iid-egh 3
gah-egh 1
468
4
hef-egi 1
ghc-egi 1
efa-egi 1
cdi-egi 1
469
6
baih-egj 4
ibi-egj 1
ij-egj 1
dbi-egj 2
jdg-egj 11
jj-egj 2
470
6
bbi-eha 1
cgh-eha 95
bjj-eha 1
eid-eha 1
fgd-eha 1
bcbi-eha 1
471
4
bj-ehb 1
hib-ehb 32
bfc-ehb 1
fei-ehb 1
472
2
iad-ehc 9
cdh-ehc 2
473
4
hjj-ehd 2
hcb-ehd 90
bffb-ehd 6
dfd-ehd 1
474
4
bebj-ehe 3
di-ehe 1
ibh-ehe 14
hje-ehe 1
475
5
caa-ehf 1
fag-ehf 1
jgj-ehf 1
hgh-ehf 1
cac-ehf 1
476
5
bdgh-ehg 5
cgg-ehg 1
edf-ehg 11
ddb-ehg 1
hda-ehg 6
477
5
gcc-ehh 1
ecf-ehh 8
dcc-ehh 1
dad-ehh 1
had-ehh 1
478
3
fef-ehi 1
jfd-ehi 27
bbeg-ehi 3
479
4
baeh-ehj 1
hbj-ehj 1
eci-ehj 2
bcgj-ehj 4
480
5
cjj-eia 1
efc-eia 1
ddb-eia 1
efb-eia 1
bfa-eia 1
481
4
bbbe-eib 20
iih-eib 52
dg-eib 1
bcji-eib 1
482
5
bfef-eic 15
ebb-eic 1
bdfb-eic 23
befh-eic 1
fhi-eic 1
483
6
bfhj-eid 3
hc-eid 1
bddi-eid 1
fbg-eid 1
ejg-eid 1
bdg-eid 2
484
5
ffj-eie 3
gcf-eie 1
bbaf-eie 1
gbb-eie 5
baf-eie 1
485
4
hac-eif 1
daa-eif 1
fdf-eif 2
djj-eif 1
486
4
ede-eig 1
bfeh-eig 2
fdf-eig 1
edi-eig 1
487
5
cag-eih 1
jc-eih 1
efh-eih 1
daa-eih 1
ifi-eih 1
488
4
fij-eii 1
bfdi-eii 11
cfd-eii 1
bgb-eii 1
489
5
jae-eij 5
bje-eij 1
dfg-eij 1
ief-eij 1
dcc-eij 3
490
3
babi-eja 43
iaj-eja 5
hej-eja 3
491
3
cdi-ejb 1
ibd-ejb 6
bhc-ejb 1
492
6
hgb-ejc 3
bcbe-ejc 17
eia-ejc 1
ggd-ejc 8
gji-ejc 1
daj-ejc 2
493
2
iic-ejd 1
ige-ejd 17
494
6
iei-eje 3
bfj-eje 2
ebj-eje 2
gic-eje 1
ege-eje 1
cif-eje 1
495
3
ecf-ejf 1
bgb-ejf 1
bfja-ejf 5
496
4
ghb-ejg 1
eb-ejg 1
chd-ejg 13
feg-ejg 40
497
4
egb-ejh 1
iaa-ejh 1
bbi-ejh 1
idi-ejh 1
498
5
hfb-eji 2
dih-eji 1
cdd-eji 1
d-eji 1
cgh-eji 1
499
2
hif-ejj 1
chf-ejj 9
500
5
ice-faa 2
dfb-faa 1
dhg-faa 1
deg-faa 1
bbba-faa 5
501
2
dbf-fab 1
dda-fab 1
502
5
cbi-fac 1
cbh-fac 1
bbii-fac 10
hbc-fac 5
hdh-fac 1
503
6
fgd-fad 6
dih-fad 1
iej-fad 7
cfh-fad 1
bdjg-fad 5
baei-fad 30
504
4
bdia-fae 17
fje-fae 1
fej-fae 1
baba-fae 21
505
3
ice-faf 1
bcja-faf 1
hid-faf 1
506
5
jif-fag 1
bahb-fag 2
hcd-fag 2
ggd-fag 1
dbf-fag 73
507
2
bjf-fah 1
jbj-fah 1
508
5
fdh-fai 5
gdj-fai 1
eff-fai 1
bcj-fai 1
badj-fai 1
509
6
ghi-faj 1
ga-faj 1
bhe-faj 3
iii-faj 1
ggb-faj 3
fgi-faj 1
510
4
dii-fba 1
cdi-fba 1
bbdb-fba 51
bge-fba 1
511
5
jgi-fbb 8
fid-fbb 1
jih-fbb 1
fic-fbb 1
geh-fbb 1
512
4
fej-fbc 1
ejh-fbc 1
eeg-fbc 1
baag-fbc 1
513
5
ejj-fbd 1
eai-fbd 1
bih-fbd 2
hej-fbd 2
jhc-fbd 4
514
3
bceh-fbe 6
bajc-fbe 1
fgi-fbe 1
515
1
jbh-fbf 3
516
2
dff-fbg 1
edb-fbg 1
517
6
fdh-fbh 2
bc-fbh 1
hca-fbh 1
bcjg-fbh 1
ib-fbh 1
fgb-fbh 1
518
5
eah-fbi 1
dcc-fbi 1
ebf-fbi 1
cfg-fbi 1
bjb-fbi 3
519
6
beig-fbj 1
fch-fbj 1
fdc-fbj 1
ieg-fbj 1
hdc-fbj 33
hb-fbj 1
520
5
bccg-fca 4
gaj-fca 4
dce-fca 1
jib-fca 1
bcie-fca 1
521
5
hbb-fcb 2
bhb-fcb 1
bcdf-fcb 18
fij-fcb 1
h-fcb 1
522
4
bfca-fcc 28
gbd-fcc 3
fjh-fcc 1
gic-fcc 3
523
4
cae-fcd 1
hib-fcd 1
cba-fcd 28
ghf-fcd 1
524
3
gjh-fce 1
baec-fce 22
gia-fce 5
525
7
bff-fcf 1
cgf-fcf 1
ebi-fcf 2
cce-fcf 1
ehe-fcf 12
baib-fcf 4
ejd-fcf 1
526
4
bbe-fcg 1
bcah-fcg 1
gcc-fcg 12
eig-fcg 1
527
8
ecb-fch 4
beaj-fch 1
bcee-fch 2
bfgh-fch 1
cjb-fch 1
eae-fch 4
fcf-fch 1
hfc-fch 1
528
8
bbea-fci 3
iei-fci 1
iba-fci 4
fhg-fci 1
bjf-fci 1
dei-fci 1
dfd-fci 1
dfh-fci 4
529
6
ghc-fcj 1
ffb-fcj 1
heb-fcj 1
hge-fcj 1
fcg-fcj 1
egd-fcj 1
530
6
cfd-fda 6
bhi-fda 4
edf-fda 4
bbbd-fda 8
bhj-fda 1
gca-fda 1
531
5
bcga-fdb 1
eha-fdb 72
ffg-fdb 1
def-fdb 8
ccf-fdb 1
532
6
eg-fdc 1
bbjb-fdc 1
dad-fdc 1
dhh-fdc 1
bahi-fdc 6
cif-fdc 2
533
9
hid-fdd 3
baif-fdd 1
bei-fdd 1
bfha-fdd 3
baei-fdd 17
edd-fdd 13
dfb-fdd 1
eaf-fdd 2
bfie-fdd 1
534
3
egb-fde 1
fih-fde 1
jj-fde 1
535
6
bade-fdf 1
fbj-fdf 1
fdg-fdf 3
cgg-fdf 1
ibe-fdf 22
gdc-fdf 3
536
5
bach-fdg 6
gje-fdg 1
bhi-fdg 1
gbh-fdg 1
bdhg-fdg 3
537
7
ffa-fdh 3
hjd-fdh 1
bcjh-fdh 1
deb-fdh 12
cjd-fdh 1
gf-fdh 1
cdc-fdh 1
538
2
bh-fdi 1
jii-fdi 10
539
2
hbh-fdj 3
bdfh-fdj 24
540
5
bceb-fea 3
caf-fea 1
bbia-fea 9
ee-fea 1
bdcd-fea 9
541
6
dfh-feb 5
cid-feb 1
hgh-feb 1
ibd-feb 4
ih-feb 1
ieb-feb 18
542
3
ffe-fec 1
bfcg-fec 54
bfij-fec 7
543
5
eac-fed 1
fjd-fed 1
fdh-fed 1
hdi-fed 6
bbhb-fed 4
544
5
ecb-fee 3
fff-fee 1
be-fee 1
ihf-fee 3
bbaa-fee 6
545
5
bbfh-fef 3
je-fef 16
bfdg-fef 87
dfe-fef 2
bdad-fef 1
546
6
hgh-feg 38
ihh-feg 1
ijc-feg 1
bi-feg 1
bcgj-feg 1
bd-feg 1
547
5
djg-feh 6
bbdc-feh 1
chc-feh 1
hei-feh 1
bch-feh 1
548
6
bcgi-fei 3
eeg-fei 3
begd-fei 36
ffc-fei 1
dbc-fei 1
fbi-fei 1
549
4
eji-fej 1
hhe-fej 1
dfe-fej 1
gcg-fej 1
550
5
df-ffa 1
idb-ffa 4
bfef-ffa 16
gch-ffa 8
dce-ffa 1
551
7
dab-ffb 8
i-ffb 1
ica-ffb 4
cbd-ffb 1
jfe-ffb 1
cfd-ffb 1
gda-ffb 1
552
4
hbb-ffc 7
ejg-ffc 1
bgc-ffc 1
bdj-ffc 1
553
3
dij-ffd 7
eia-ffd 1
jaf-ffd 1
554
2
baba-ffe 1
hdc-ffe 3
555
7
edi-fff 1
jbf-fff 2
baj-fff 2
hfd-fff 4
fgj-fff 1
chc-fff 1
baae-fff 3
556
1
ffi-ffg 1
557
2
e-ffh 5
fja-ffh 1
558
5
gaj-ffi 1
bcdd-ffi 2
fed-ffi 1
cdj-ffi 1
cif-ffi 1
559
4
gfi-ffj 6
baid-ffj 1
gih-ffj 1
dfd-ffj 1
560
8
bdib-fga 1
bhe-fga 10
igi-fga 1
bbhg-fga 1
cie-fga 1
eae-fga 5
gei-fga 2
ceb-fga 1
561
3
dba-fgb 3
gff-fgb 76
eei-fgb 1
562
5
dgd-fgc 1
dbd-fgc 1
bagf-fgc 15
cjb-fgc 1
jad-fgc 1
563
6
fb-fgd 1
bfff-fgd 4
bfic-fgd 10
dij-fgd 1
ffa-fgd 1
bie-fgd 1
564
2
ibf-fge 1
gjf-fge 18
565
2
def-fgf 1
ha-fgf 2
566
2
bih-fgg 1
ice-fgg 1
567
3
jjf-fgh 2
jcf-fgh 5
dbh-fgh 1
568
4
bcbi-fgi 1
eeh-fgi 1
dfg-fgi 62
hjf-fgi 1
569
4
egh-fgj 1
ghj-fgj 42
bdc-fgj 3
gbh-fgj 1
570
3
bfi-fha 1
bfig-fha 1
fhc-fha 6
571
6
hfe-fhb 1
beeb-fhb 25
beaa-fhb 1
bajf-fhb 1
bfcb-fhb 94
feb-fhb 1
572
6
bfed-fhc 96
cba-fhc 1
bgea-fhc 4
ijj-fhc 1
bbi-fhc 6
hch-fhc 1
573
4
dea-fhd 1
cih-fhd 2
dgi-fhd 1
hic-fhd 2
574
5
gge-fhe 1
dic-fhe 1
hci-fhe 2
jbe-fhe 1
ebh-fhe 3
575
2
gad-fhf 1
ffb-fhf 1
576
4
fjc-fhg 3
jbb-fhg 1
da-fhg 1
bbfh-fhg 6
577
1
cba-fhh 1
578
4
bcgj-fhi 4
jcb-fhi 9
idd-fhi 1
bja-fhi 29
579
5
fgf-fhj 1
ii-fhj 1
bgde-fhj 1
fag-fhj 2
gaj-fhj 1
580
4
hga-fia 2
cdd-fia 1
gcc-fia 13
bb-fia 1
581
3
fgb-fib 5
gjb-fib 1
bag-fib 1
582
6
hgg-fic 1
ijd-fic 1
ifh-fic 1
cif-fic 1
bgaj-fic 19
cea-fic 9
583
6
cih-fid 10
hh-fid 1
bbaa-fid 80
fh-fid 1
gif-fid 2
cdd-fid 1
584
3
efe-fie 6
bccf-fie 3
ffb-fie 1
585
4
bbc-fif 1
gge-fif 9
bfcg-fif 3
ibj-fif 1
586
6
ejg-fig 1
gfa-fig 1
eib-fig 5
dec-fig 2
bfj-fig 1
bjc-fig 1
587
3
ed-fih 1
id-fih 1
bcc-fih 1
588
4
gde-fii 2
bcfh-fii 1
haf-fii 1
bagb-fii 3
589
3
bdfi-fij 1
fdf-fij 1
ebj-fij 1
590
3
cih-fja 1
edj-fja 10
bhf-fja 1
591
9
hae-fjb 20
caa-fjb 2
hc-fjb 1
cja-fjb 1
egg-fjb 1
cij-fjb 1
gef-fjb 13
gcg-fjb 1
bggb-fjb 2
592
5
dbg-fjc 1
baee-fjc 1
cie-fjc 91
hdf-fjc 9
bcff-fjc 1
593
2
cif-fjd 1
ecc-fjd 1
594
4
fba-fje 1
bbac-fje 2
hdj-fje 1
hci-fje 2
595
3
jhf-fjf 1
fhc-fjf 1
bahg-fjf 1
596
2
bhg-fjg 1
bcfe-fjg 2
597
6
ddd-fjh 1
babb-fjh 1
fdf-fjh 1
baij-fjh 2
ei-fjh 1
g-fjh 1
598
9
bgb-fji 1
cdf-fji 1
hh-fji 1
jbi-fji 5
iga-fji 3
ehf-fji 1
bddi-fji 1
fij-fji 1
ejc-fji 1
599
3
bbg-fjj 3
ddi-fjj 1
gj-fjj 1
600
4
bacj-gaa 88
gie-gaa 1
gbb-gaa 2
gjf-gaa 1
601
3
ca-gab 1
gdh-gab 101
ejg-gab 1
602
1
cca-gac 1
603
6
jjh-gad 3
bf-gad 2
cdf-gad 1
hij-gad 15
bdfe-gad 29
bjc-gad 1
604
7
ghc-gae 1
jci-gae 1
bfi-gae 3
eig-gae 1
bd-gae 1
ceb-gae 1
hca-gae 1
605
1
bjh-gaf 1
606
5
bcba-gag 1
jij-gag 1
bahg-gag 1
dgc-gag 1
dff-gag 1
607
5
iaf-gah 6
cjc-gah 1
ici-gah 1
fac-gah 1
cdd-gah 1
608
2
daa-gai 1
gff-gai 1
609
4
di-gaj 67
bcde-gaj 11
ccf-gaj 1
iae-gaj 1
610
5
bbib-gba 20
fdi-gba 2
bbge-gba 29
gcb-gba 1
hgc-gba 1
611
6
becb-gbb 1
cgb-gbb 2
dhf-gbb 3
efh-gbb 1
eja-gbb 8
bfjj-gbb 4
612
6
ga-gbc 1
hb-gbc 1
baab-gbc 7
bbhc-gbc 1
bbh-gbc 1
bej-gbc 1
613
4
bbcd-gbd 4
fcb-gbd 4
gca-gbd 1
cg-gbd 1
614
1
bgfd-gbe 87
615
4
ccj-gbf 3
bbeh-gbf 1
bdcf-gbf 2
fgd-gbf 2
616
4
dga-gbg 1
dhh-gbg 5
hhb-gbg 1
bbcb-gbg 2
617
3
ejj-gbh 1
ff-gbh 6
dje-gbh 1
618
7
bacg-gbi 1
bbeh-gbi 7
cfd-gbi 1
dbi-gbi 1
ej-gbi 1
dib-gbi 1
ifc-gbi 8
619
4
eaa-gbj 1
gch-gbj 3
bbfi-gbj 24
jej-gbj 1
620
7
ddd-gca 1
gfd-gca 1
iid-gca 1
bbfc-gca 1
haj-gca 1
hbg-gca 1
jig-gca 1
621
6
bch-gcb 1
bafh-gcb 1
jca-gcb 1
bbbb-gcb 1
cab-gcb 5
bfbd-gcb 10
622
8
gaj-gcc 1
bbii-gcc 1
iie-gcc 1
baee-gcc 1
bafc-gcc 9
ejb-gcc 1
baad-gcc 1
cdh-gcc 14
623
4
egf-gcd 4
bgbi-gcd 1
bbjd-gcd 1
ja-gcd 1
624
3
fai-gce 1
bdfi-gce 1
dhb-gce 1
625
3
baii-gcf 1
daf-gcf 1
cgj-gcf 2
626
4
cce-gcg 1
chg-gcg 1
ijg-gcg 4
hgd-gcg 1
627
5
ffb-gch 1
cih-gch 1
bdc-gch 14
fjh-gch 1
eja-gch 1
628
6
gid-gci 1
ghh-gci 1
fdc-gci 1
bga-gci 5
cea-gci 7
igb-gci 16
629
2
ged-gcj 1
ebb-gcj 6
630
2
ihh-gda 6
bdcf-gda 2
631
4
bdci-gdb 1
cb-gdb 1
bbg-gdb 3
eah-gdb 99
632
5
gbe-gdc 1
cah-gdc 2
babf-gdc 2
ifc-gdc 4
igj-gdc 1
633
4
dgb-gdd 1
hfi-gdd 1
efh-gdd 1
bcag-gdd 2
634
5
gba-gde 1
cdd-gde 2
gah-gde 1
baeb-gde 8
hed-gde 1
635
4
bhc-gdf 1
bchf-gdf 17
gfe-gdf 13
hjh-gdf 1
636
5
bajh-gdg 3
bddj-gdg 31
hag-gdg 8
db-gdg 1
gfd-gdg 1
637
4
iih-gdh 1
if-gdh 1
bdfd-gdh 2
jci-gdh 118
638
1
jcc-gdi 1
639
3
gjg-gdj 3
cei-gdj 1
dib-gdj 1
640
5
eaa-gea 1
cda-gea 1
dea-gea 5
edi-gea 2
jh-gea 1
641
5
fcb-geb 1
hfa-geb 1
hhd-geb 6
eff-geb 1
begg-geb 1
642
2
ffc-gec 1
ihd-gec 4
643
1
bdbj-ged 4
644
1
dda-gee 1
645
4
gij-gef 1
dfi-gef 15
bdgj-gef 3
gfh-gef 1
646
4
cie-geg 3
baaa-geg 1
gaj-geg 1
bfcj-geg 6
647
4
jg-geh 30
bjh-geh 1
gah-geh 1
iai-geh 1
648
4
daf-gei 10
ffa-gei 2
iba-gei 5
eeb-gei 1
649
5
cab-gej 1
bge-gej 1
hgi-gej 10
fec-gej 5
gda-gej 1
650
2
hbc-gfa 4
bgeg-gfa 4
651
4
bcbi-gfb 1
gfj-gfb 1
g-gfb 1
jhj-gfb 86
652
4
baha-gfc 1
ccf-gfc 1
bcb-gfc 1
bche-gfc 1
653
3
hjb-gfd 1
bdbg-gfd 16
gch-gfd 6
654
3
baci-gfe 21
hfa-gfe 1
bif-gfe 1
655
7
hh-gff 1
jbi-gff 1
idi-gff 97
bga-gff 2
eci-gff 1
egf-gff 4
ehe-gff 6
656
4
jaj-gfg 1
cef-gfg 1
chc-gfg 1
bahh-gfg 6
657
4
jaj-gfh 1
iga-gfh 1
bi-gfh 1
ffb-gfh 1
658
5
jeh-gfi 1
becd-gfi 39
ghc-gfi 1
dbd-gfi 1
ech-gfi 1
659
1
bdba-gfj 3
660
3
bhe-gga 6
hhe-gga 1
gbc-gga 1
661
4
bee-ggb 1
bej-ggb 1
eae-ggb 4
igf-ggb 1
662
2
id-ggc 1
bgae-ggc 6
663
4
jhh-ggd 9
djj-ggd 1
igd-ggd 1
cjh-ggd 1
664
9
eeb-gge 1
gaj-gge 1
beai-gge 1
ifg-gge 1
ehc-gge 2
beg-gge 1
bdc-gge 3
efd-gge 24
bfid-gge 2
665
5
jfj-ggf 10
hab-ggf 1
feh-ggf 2
ibj-ggf 1
bcdj-ggf 1
666
4
bih-ggg 1
dij-ggg 83
die-ggg 3
caf-ggg 1
667
1
cab-ggh 1
668
3
cbc-ggi 1
bfc-ggi 3
cgh-ggi 12
670
4
gdh-gha 4
ifc-gha 6
bfgj-gha 1
gii-gha 1
671
6
ccg-ghb 1
bgef-ghb 3
bbfg-ghb 12
idb-ghb 9
bbff-ghb 1
bgae-ghb 4
672
8
fea-ghc 1
begg-ghc 1
bch-ghc 6
beid-ghc 22
cib-ghc 9
fhi-ghc 7
jjf-ghc 1
efi-ghc 1
673
3
bae-ghd 1
egj-ghd 13
did-ghd 3
674
3
ggg-ghe 1
cji-ghe 1
ccb-ghe 1
675
1
ggb-ghf 2
676
4
fhb-ghg 3
fdj-ghg 1
cej-ghg 1
dhh-ghg 1
677
3
bacj-ghh 1
cbc-ghh 7
fdi-ghh 1
678
4
bge-ghi 1
daf-ghi 15
hai-ghi 2
cic-ghi 1
679
5
bcbc-ghj 42
fdb-ghj 1
eig-ghj 1
hec-ghj 1
fcd-ghj 3
680
4
egg-gia 2
hbf-gia 2
ccg-gia 1
ied-gia 1
681
3
cic-gib 1
bbhf-gib 81
ehj-gib 1
682
5
bbga-gic 1
fed-gic 1
gge-gic 1
bjc-gic 1
dhi-gic 8
683
2
ddg-gid 1
cjj-gid 48
684
3
iih-gie 17
ihe-gie 1
ici-gie 2
685
5
gdf-gif 1
bcig-gif 8
jea-gif 18
bcdi-gif 2
hge-gif 59
686
4
bbe-gig 1
cec-gig 1
ijf-gig 1
gj-gig 1
687
5
fic-gih 1
die-gih 8
bbfb-gih 1
badc-gih 32
baai-gih 1
688
3
cgf-gii 1
ib-gii 2
baab-gii 8
689
5
bei-gij 4
ehh-gij 1
ibd-gij 7
ehf-gij 2
fgh-gij 1
690
2
bajc-gja 1
ecd-gja 4
691
1
ebc-gjb 1
692
5
hg-gjc 2
behb-gjc 49
hji-gjc 33
gbe-gjc 59
ca-gjc 1
693
1
gad-gjd 1
694
4
b-gje 1
eca-gje 1
bbdf-gje 3
bhc-gje 10
695
3
hdh-gjf 5
dig-gjf 12
ieg-gjf 21
696
6
bbic-gjg 5
bfb-gjg 3
bdda-gjg 9
behg-gjg 12
dci-gjg 1
egg-gjg 3
697
3
dfd-gjh 3
cbg-gjh 27
cje-gjh 1
698
2
bbgf-gji 1
ghe-gji 1
699
4
hhe-gjj 1
cg-gjj 1
iii-gjj 3
fbi-gjj 1
700
4
bcea-haa 8
dg-haa 1
bjj-haa 4
dbe-haa 1
701
3
gc-hab 1
fij-hab 1
bcfg-hab 2
702
4
gid-hac 1
bcbg-hac 1
eif-hac 1
gdb-hac 2
703
1
iec-had 2
704
6
hea-hae 11
fac-hae 1
bbic-hae 42
ije-hae 2
idb-hae 6
chi-hae 29
705
5
jji-haf 1
cdd-haf 1
gic-haf 1
bbcd-haf 1
jda-haf 162
706
6
ecj-hag 1
bcgb-hag 3
dfg-hag 1
hje-hag 12
beje-hag 1
dic-hag 2
707
4
dcd-hah 1
ghg-hah 1
fda-hah 20
efj-hah 6
708
3
bce-hai 1
hfh-hai 4
bfh-hai 1
709
1
bdjj-haj 52
710
3
bega-hba 3
gee-hba 1
bdbi-hba 8
711
4
cgj-hbb 1
eee-hbb 1
cfb-hbb 3
fac-hbb 8
712
3
jdg-hbc 7
bdif-hbc 1
ffc-hbc 7
713
6
bcbd-hbd 1
bei-hbd 4
jjf-hbd 1
iah-hbd 1
bdff-hbd 38
eij-hbd 2
714
3
fji-hbe 12
fc-hbe 19
edh-hbe 1
715
3
jf-hbf 1
fcf-hbf 6
dga-hbf 1
716
5
ife-hbg 5
egh-hbg 2
jh-hbg 1
gde-hbg 4
bdjf-hbg 6
717
4
dbj-hbh 1
ifg-hbh 1
babe-hbh 36
ci-hbh 17
718
2
egd-hbi 2
jfh-hbi 5
719
2
jge-hbj 18
bedf-hbj 62
720
7
hcf-hca 2
jid-hca 2
ibe-hca 4
ead-hca 1
cib-hca 1
ejj-hca 1
g-hca 1
721
5
jba-hcb 1
bdfa-hcb 2
ffe-hcb 2
cha-hcb 1
bahd-hcb 84
722
2
cie-hcc 1
iee-hcc 1
723
5
ghf-hcd 1
hhf-hcd 1
bdhb-hcd 3
bgi-hcd 15
jee-hcd 60
724
7
gfj-hce 1
bde-hce 1
dha-hce 1
beaf-hce 1
bchf-hce 3
ejf-hce 4
eab-hce 2
725
5
bbae-hcf 4
hhc-hcf 3
b-hcf 9
gad-hcf 33
cih-hcf 2
726
4
ja-hcg 5
baed-hcg 9
ibf-hcg 19
jjg-hcg 1
727
4
fci-hch 3
gdg-hch 4
ghe-hch 1
jcb-hch 1
728
5
fbf-hci 1
geh-hci 4
bdff-hci 4
ggi-hci 11
baef-hci 1
729
6
ejb-hcj 1
hdb-hcj 1
bbgd-hcj 12
bbbg-hcj 1
eec-hcj 6
jd-hcj 1
730
5
ea-hda 1
ffb-hda 6
dec-hda 8
eda-hda 1
idc-hda 3
731
4
jh-hdb 1
fei-hdb 1
bfhg-hdb 43
bejg-hdb 14
732
6
jbf-hdc 10
cej-hdc 1
gig-hdc 1
cbi-hdc 1
bdac-hdc 10
befb-hdc 15
733
4
ejb-hdd 1
bcf-hdd 1
cih-hdd 1
bdg-hdd 11
734
3
gdj-hde 1
jfh-hde 12
bbjf-hde 4
735
5
bcfg-hdf 1
bbha-hdf 13
fad-hdf 1
gbh-hdf 6
dci-hdf 4
736
3
dac-hdg 1
eba-hdg 1
fjc-hdg 38
737
3
fec-hdh 6
baga-hdh 1
ihb-hdh 3
738
3
bic-hdi 1
beah-hdi 12
iae-hdi 1
739
4
haa-hdj 8
bci-hdj 1
eci-hdj 4
jbj-hdj 1
740
8
fdf-hea 6
bdfd-hea 2
jb-hea 1
djb-hea 9
befg-hea 15
cb-hea 1
jjg-hea 2
bcji-hea 1
741
2
fab-heb 1
icg-heb 2
742
4
bdhc-hec 15
bdda-hec 3
fai-hec 4
bfjg-hec 5
743
3
bcbg-hed 4
ffe-hed 1
bfei-hed 1
744
3
gbf-hee 4
ijb-hee 1
bfhd-hee 12
745
5
gha-hef 1
bjd-hef 38
bge-hef 1
bfch-hef 5
beg-hef 1
746
3
bcdd-heg 5
ceb-heg 1
fid-heg 1
747
4
ed-heh 1
dcb-heh 2
ggc-heh 1
hii-heh 10
748
3
fad-hei 1
ie-hei 1
if-hei 3
749
4
ccd-hej 1
bgbd-hej 4
cec-hej 3
gcc-hej 1
750
5
dgc-hfa 2
bdi-hfa 1
jga-hfa 1
befe-hfa 1
jhg-hfa 1
751
5
bff-hfb 2
icd-hfb 5
beh-hfb 1
egc-hfb 1
gc-hfb 1
752
3
bcdc-hfc 1
gjh-hfc 4
gab-hfc 1
753
4
bad-hfd 1
bcec-hfd 1
ddc-hfd 1
eih-hfd 3
754
4
gac-hfe 1
ejg-hfe 3
dfb-hfe 1
bahd-hfe 7
755
3
bbci-hff 1
bacc-hff 1
hge-hff 1
756
3
bbac-hfg 75
gfd-hfg 3
ij-hfg 1
757
5
eci-hfh 1
bbaj-hfh 1
ede-hfh 14
ibb-hfh 1
ihf-hfh 2
758
3
heb-hfi 1
beih-hfi 107
eci-hfi 5
759
3
jfc-hfj 1
gaa-hfj 4
bfhi-hfj 34
760
2
fdb-hga 2
bbg-hga 12
761
6
gcc-hgb 1
hfc-hgb 4
iaj-hgb 1
bccd-hgb 1
bdf-hgb 1
dfj-hgb 1
762
4
dej-hgc 1
fia-hgc 10
fea-hgc 3
hje-hgc 14
763
2
bbfa-hgd 5
bedb-hgd 3
764
3
beff-hge 66
efg-hge 5
jdc-hge 1
765
4
icd-hgf 5
bci-hgf 1
fea-hgf 2
bafe-hgf 9
766
3
ehf-hgg 1
ddc-hgg 1
baib-hgg 1
767
2
deg-hgh 3
dej-hgh 139
768
4
cdb-hgi 6
hah-hgi 1
baai-hgi 1
baja-hgi 27
769
1
bbjj-hgj 1
770
6
bi-hha 1
ihj-hha 12
hdd-hha 3
dag-hha 1
ii-hha 2
baad-hha 2
771
5
bbaj-hhb 1
gfa-hhb 2
bbaa-hhb 4
fj-hhb 1
dfa-hhb 1
772
3
fhc-hhc 1
beff-hhc 18
eia-hhc 1
773
4
ch-hhd 1
bdec-hhd 6
gaa-hhd 44
bbd-hhd 1
774
5
gja-hhe 1
eff-hhe 11
fcd-hhe 1
bdfa-hhe 2
dji-hhe 1
775
4
bcf-hhf 2
dag-hhf 1
bafj-hhf 2
ed-hhf 1
776
4
dgd-hhg 7
bcd-hhg 1
hbb-hhg 3
ga-hhg 1
777
2
haa-hhh 1
ebd-hhh 1
778
2
dcj-hhi 1
bdci-hhi 10
779
7
cbg-hhj 1
beb-hhj 3
idc-hhj 1
chi-hhj 1
jec-hhj 5
bfag-hhj 18
hie-hhj 1
780
3
bbie-hia 2
dbf-hia 1
jdd-hia 12
781
3
ccc-hib 1
bbi-hib 35
bbfb-hib 2
782
4
chh-hic 1
bgcf-hic 31
dcc-hic 4
dhd-hic 6
783
1
bgdg-hid 5
784
2
bgbb-hie 2
bjg-hie 1
785
3
fje-hif 4
cii-hif 2
ggc-hif 3
786
3
che-hig 1
gb-hig 1
fig-hig 6
787
5
ddh-hih 19
eii-hih 1
bfg-hih 1
iaf-hih 4
bdbe-hih 1
788
4
djb-hii 2
jaj-hii 2
cgi-hii 56
fej-hii 1
789
6
bji-hij 9
hag-hij 1
dif-hij 7
fj-hij 1
jff-hij 1
bbbd-hij 1
790
2
fae-hja 5
gbd-hja 4
791
3
cfh-hjb 58
cbb-hjb 1
bde-hjb 1
792
7
bfhe-hjc 22
bbfi-hjc 23
ifd-hjc 1
edj-hjc 1
gaj-hjc 1
hbi-hjc 1
hcc-hjc 1
793
2
bbd-hjd 1
fef-hjd 108
794
2
bdja-hje 60
fgj-hje 39
795
3
edj-hjf 43
beji-hjf 9
gid-hjf 1
796
7
cfa-hjg 2
jgg-hjg 1
jdh-hjg 1
eda-hjg 1
gci-hjg 1
gdj-hjg 1
igd-hjg 1
797
2
caj-hjh 1
bcg-hjh 1
798
3
iac-hji 1
bba-hji 1
hfj-hji 40
799
7
bace-hjj 1
beea-hjj 1
fgd-hjj 8
bgc-hjj 1
gah-hjj 7
cjf-hjj 1
fe-hjj 1
800
6
eef-iaa 1
deb-iaa 1
cij-iaa 1
dhc-iaa 72
ead-iaa 1
jcg-iaa 59
801
3
bdbh-iab 7
cdh-iab 1
ech-iab 42
802
3
eic-iac 1
hia-iac 2
hbi-iac 7
803
5
dd-iad 1
jcd-iad 1
cgd-iad 6
cba-iad 1
d-iad 1
804
5
cdf-iae 66
fjd-iae 1
bcd-iae 4
cib-iae 1
cjg-iae 1
805
4
gjf-iaf 17
ecj-iaf 1
ejf-iaf 1
jd-iaf 1
806
4
bage-iag 80
ihd-iag 3
begg-iag 1
ejg-iag 3
807
2
dad-iah 2
fei-iah 1
808
4
jh-iai 1
dje-iai 18
beja-iai 1
gf-iai 1
809
3
bddg-iaj 5
gbh-iaj 1
gci-iaj 1
810
5
bbbj-iba 1
ejb-iba 1
bafb-iba 15
bcb-iba 4
bbba-iba 14
811
2
bead-ibb 1
iha-ibb 4
812
2
egb-ibc 1
bbgf-ibc 1
813
2
bdhd-ibd 10
bgcj-ibd 25
814
3
jbe-ibe 1
bbcc-ibe 17
fba-ibe 10
815
3
bffh-ibf 11
dih-ibf 7
dje-ibf 4
816
4
efj-ibg 1
bafg-ibg 2
ceb-ibg 1
fhg-ibg 7
817
3
babb-ibh 54
bahj-ibh 1
eja-ibh 40
818
5
fii-ibi 1
jib-ibi 1
bjc-ibi 3
gi-ibi 1
fdi-ibi 7
819
4
bbdb-ibj 6
hae-ibj 1
bbcd-ibj 4
dfd-ibj 10
820
5
bcfh-ica 1
dgi-ica 3
edc-ica 1
jde-ica 1
becf-ica 6
821
3
hfi-icb 102
fib-icb 1
fhj-icb 2
822
2
edb-icc 1
fdh-icc 1
823
5
jaa-icd 2
eig-icd 1
hj-icd 18
hcd-icd 4
jaj-icd 13
824
3
hgi-ice 1
ehd-ice 73
jfh-ice 2
825
4
bcha-icf 1
dbb-icf 4
cih-icf 3
fce-icf 19
826
3
bcdi-icg 16
gcg-icg 3
bjj-icg 75
827
2
djd-ich 1
beei-ich 5
828
3
dfa-ici 2
cj-ici 3
jc-ici 83
829
2
hbe-icj 1
jie-icj 6
830
5
hee-ida 1
jbh-ida 1
bhf-ida 1
bcfd-ida 17
ehj-ida 1
831
7
jcb-idb 1
cdh-idb 1
bfjd-idb 1
cii-idb 1
bach-idb 5
ghi-idb 6
fce-idb 3
832
3
iij-idc 1
djj-idc 1
gjg-idc 30
833
4
bfda-idd 16
fj-idd 1
bbah-idd 3
fih-idd 1
834
1
fgc-ide 1
835
5
dii-idf 5
bajg-idf 1
jhi-idf 1
efa-idf 5
dh-idf 8
836
4
bfi-idg 3
dhd-idg 17
ic-idg 1
bagf-idg 1
837
3
bad-idh 1
gdg-idh 1
hhg-idh 1
838
5
hhc-idi 1
bgfa-idi 70
bbdd-idi 6
baeh-idi 1
ech-idi 25
839
3
bgf-idj 1
bcc-idj 9
fdj-idj 8
840
4
bebf-iea 82
eeb-iea 1
chb-iea 1
bij-iea 4
841
3
bbie-ieb 3
bdaj-ieb 1
fhb-ieb 14
842
5
iff-iec 1
hfg-iec 70
hfh-iec 1
bbca-iec 2
fgf-iec 1
843
4
hhb-ied 2
bche-ied 1
bbid-ied 15
jac-ied 12
844
3
baje-iee 2
bdcd-iee 1
efc-iee 2
845
4
bfc-ief 11
bbah-ief 9
hag-ief 2
ea-ief 1
846
5
ebg-ieg 1
fjj-ieg 1
idd-ieg 15
ffh-ieg 4
hcd-ieg 2
847
4
bge-ieh 1
bchj-ieh 11
bjg-ieh 1
caj-ieh 1
848
6
gdf-iei 1
bcgb-iei 2
efg-iei 15
hgi-iei 14
dbf-iei 1
behf-iei 2
849
2
bbh-iej 75
bdi-iej 1
850
5
ccc-ifa 9
bbbi-ifa 5
bdbe-ifa 1
bdih-ifa 1
hcf-ifa 20
851
3
dfh-ifb 15
fgh-ifb 1
bagh-ifb 8
852
6
bchg-ifc 57
cee-ifc 3
jid-ifc 12
gfa-ifc 2
fdj-ifc 1
ejj-ifc 6
853
4
ijh-ifd 1
bbhd-ifd 31
bah-ifd 1
cf-ifd 12
854
3
hjf-ife 51
dad-ife 19
bbdj-ife 1
855
5
efe-iff 22
jgf-iff 2
bjb-iff 1
fb-iff 1
cgi-iff 1
856
3
be-ifg 13
bgeb-ifg 23
jci-ifg 1
857
4
eif-ifh 1
baga-ifh 2
cid-ifh 8
baai-ifh 2
858
2
badf-ifi 1
bcci-ifi 4
859
1
chb-ifj 1
860
2
gfj-iga 1
ebb-iga 6
861
2
cif-igb 16
gb-igb 1
862
3
gh-igc 1
eaf-igc 2
bcgi-igc 15
863
3
ggg-igd 4
hfd-igd 1
ife-igd 2
864
3
dbi-ige 1
hjc-ige 16
dbj-ige 4
865
1
egi-igf 1
866
1
babd-igg 1
867
1
hag-igh 6
868
3
bbg-igi 2
bcbj-igi 2
gag-igi 1
869
4
dde-igj 3
jba-igj 7
gih-igj 1
bdie-igj 4
870
4
hgf-iha 13
jfa-iha 6
bbfe-iha 2
bcdj-iha 72
871
2
bbcj-ihb 3
eii-ihb 1
872
3
ehj-ihc 3
eba-ihc 1
jfd-ihc 1
873
4
fj-ihd 1
bbdd-ihd 29
bgei-ihd 1
behh-ihd 33
874
3
hdg-ihe 8
hdi-ihe 4
hdj-ihe 1
875
5
bfcc-ihf 3
ijj-ihf 3
eh-ihf 1
cfb-ihf 1
bbad-ihf 35
876
4
gij-ihg 6
cdj-ihg 4
bcj-ihg 1
gbf-ihg 1
877
3
eef-ihh 1
gih-ihh 1
cib-ihh 6
878
5
hdb-ihi 1
bebh-ihi 1
jg-ihi 1
gjh-ihi 1
bdgf-ihi 74
879
2
cef-ihj 7
caf-ihj 22
880
3
fid-iia 4
fgb-iia 75
hfh-iia 1
881
5
id-iib 14
baeb-iib 52
cfb-iib 1
chd-iib 1
bafa-iib 2
882
4
gfa-iic 1
iie-iic 3
jje-iic 16
fag-iic 17
883
4
ffa-iid 3
bfei-iid 1
iae-iid 1
cej-iid 1
884
5
bec-iie 1
bejf-iie 4
cbb-iie 1
jee-iie 3
bgc-iie 1
885
2
bbei-iif 4
hif-iif 3
886
3
hjb-iig 1
hcg-iig 7
ddg-iig 1
887
1
hbj-iih 77
888
1
bbib-iii 3
889
1
baaa-iij 10
890
3
dbj-ija 1
iaa-ija 1
bcfe-ija 1
891
1
ega-ijb 1
892
4
bbf-ijc 1
cgi-ijc 1
hg-ijc 1
bcij-ijc 1
893
3
hfi-ijd 11
gdh-ijd 3
beda-ijd 96
894
4
bbbj-ije 7
bef-ije 2
gda-ije 1
beef-ije 22
895
2
bj-ijf 2
hei-ijf 1
896
2
ig-ijg 1
behi-ijg 31
897
2
hhg-ijh 1
bii-ijh 3
898
1
gd-iji 6
899
2
cff-ijj 1
iaf-ijj 4
900
3
bbjh-jaa 9
cf-jaa 1
jbg-jaa 1
901
3
baej-jab 1
gbe-jab 1
djh-jab 1
902
5
ghg-jac 4
hca-jac 2
ibb-jac 3
ejj-jac 3
bgg-jac 3
903
3
bcij-jad 2
djc-jad 1
dgj-jad 1
904
3
cja-jae 1
bbih-jae 17
ee-jae 1
905
2
bgd-jaf 1
bdig-jaf 5
906
3
bdij-jag 1
cg-jag 3
cbc-jag 5
907
6
bcif-jah 1
fie-jah 6
cfe-jah 1
bajg-jah 1
baia-jah 18
bchh-jah 20
908
5
hah-jai 2
bffi-jai 4
gbj-jai 28
bbbg-jai 26
efa-jai 7
909
2
ebd-jaj 39
iic-jaj 2
910
3
cgd-jba 1
gej-jba 12
bdef-jba 2
911
2
gjc-jbb 3
dhg-jbb 4
912
2
gbg-jbc 6
jca-jbc 26
913
3
dij-jbd 5
bgh-jbd 2
bfad-jbd 7
914
3
fbj-jbe 1
bbig-jbe 1
de-jbe 1
915
5
gfg-jbf 2
bedi-jbf 29
cc-jbf 1
jbe-jbf 1
hai-jbf 2
916
5
bjd-jbg 1
igc-jbg 1
baie-jbg 13
ehd-jbg 19
bdid-jbg 3
917
3
bji-jbh 1
babf-jbh 17
dbd-jbh 17
918
2
hai-jbi 1
bdcc-jbi 58
919
5
daa-jbj 1
ieg-jbj 1
jhb-jbj 1
hdc-jbj 1
ejd-jbj 1
920
4
jde-jca 1
idf-jca 9
fdh-jca 2
jfg-jca 34
921
4
faj-jcb 8
gae-jcb 7
ihh-jcb 1
hhf-jcb 3
922
3
fej-jcc 1
gfb-jcc 10
fjg-jcc 1
923
4
ied-jcd 1
bagh-jcd 1
jcc-jcd 7
hgh-jcd 9
924
1
bafi-jce 2
925
3
igj-jcf 6
ghe-jcf 1
djc-jcf 1
926
3
cfj-jcg 1
ggg-jcg 68
babe-jcg 1
927
1
hhh-jch 1
928
6
bfbf-jci 113
fch-jci 2
gih-jci 29
beia-jci 1
hhe-jci 1
fb-jci 1
930
3
bgdf-jda 6
cjb-jda 1
bdig-jda 155
931
5
jhc-jdb 4
bbaj-jdb 1
cgf-jdb 6
hge-jdb 9
jji-jdb 1
932
3
jc-jdc 1
gdh-jdc 3
hbh-jdc 1
933
3
dic-jdd 6
ffh-jdd 1
dhc-jdd 16
934
6
bie-jde 1
bcjb-jde 1
ha-jde 1
bdgi-jde 1
bi-jde 38
baad-jde 1
936
7
bh-jdg 1
dhj-jdg 11
cjh-jdg 1
gea-jdg 4
fbf-jdg 1
bhb-jdg 4
ibi-jdg 5
937
1
ea-jdh 1
938
1
dfb-jdi 1
939
4
ja-jdj 1
jfj-jdj 3
dhb-jdj 1
eic-jdj 1
940
2
ije-jea 18
ef-jea 1
941
1
jad-jeb 2
942
5
bgb-jec 1
badg-jec 1
dae-jec 1
bdfg-jec 1
ehc-jec 3
943
1
djc-jed 1
944
4
cfg-jee 3
ceg-jee 1
hjb-jee 60
ej-jee 1
945
5
bbje-jef 19
bbfe-jef 1
badj-jef 35
fad-jef 6
beh-jef 1
946
2
baib-jeg 1
bbj-jeg 8
947
3
bgdb-jeh 4
ddj-jeh 2
bafe-jeh 1
948
2
eff-jei 1
jja-jei 1
949
3
dch-jej 28
fgj-jej 1
ehb-jej 29
950
4
iec-jfa 6
fdj-jfa 19
chb-jfa 2
bhe-jfa 10
951
3
cge-jfb 1
ebb-jfb 5
bbdb-jfb 2
952
3
cgh-jfc 11
egb-jfc 1
jgb-jfc 72
953
2
babc-jfd 27
fbd-jfd 9
954
4
bcif-jfe 1
c-jfe 12
egf-jfe 1
bfgb-jfe 91
955
3
ee-jff 1
egg-jff 7
bfeb-jff 5
956
4
ghc-jfg 1
bccb-jfg 17
fic-jfg 1
ega-jfg 15
957
5
ddc-jfh 1
gfb-jfh 78
fdf-jfh 19
bffj-jfh 13
eij-jfh 3
958
4
befa-jfi 61
bbj-jfi 52
eib-jfi 1
dii-jfi 5
959
5
jfa-jfj 1
bdhe-jfj 107
bcaj-jfj 1
bcc-jfj 3
eac-jfj 1
960
5
bagg-jga 5
bfab-jga 1
bfcf-jga 1
fdf-jga 3
bfcd-jga 114
961
1
ecd-jgb 72
962
5
cfa-jgc 1
ied-jgc 5
ibd-jgc 16
babj-jgc 4
bba-jgc 2
963
1
ghb-jgd 1
964
5
bcgj-jge 19
gbf-jge 1
bagf-jge 2
dda-jge 1
bedj-jge 5
965
5
fjd-jgf 1
i-jgf 14
hhj-jgf 6
bhg-jgf 1
fbf-jgf 1
966
3
cfd-jgg 2
bajc-jgg 6
heh-jgg 8
967
2
jcb-jgh 3
dfc-jgh 3
968
2
iae-jgi 69
gjf-jgi 1
970
4
ghd-jha 13
efh-jha 1
jia-jha 18
bea-jha 1
971
1
ejg-jhb 1
972
4
ced-jhc 3
eej-jhc 13
gga-jhc 1
hei-jhc 2
973
2
gba-jhd 45
geb-jhd 6
974
3
jae-jhe 1
bbai-jhe 4
jih-jhe 1
975
4
gid-jhf 1
bajj-jhf 57
fch-jhf 6
behe-jhf 27
976
2
fbi-jhg 3
hde-jhg 16
977
3
gej-jhh 1
gab-jhh 2
bfia-jhh 8
978
3
bcj-jhi 7
fca-jhi 1
bagi-jhi 2
979
1
eei-jhj 86
980
7
baca-jia 1
bded-jia 17
hdd-jia 1
baac-jia 2
ecc-jia 3
bje-jia 2
ddg-jia 2
981
4
bjf-jib 3
gda-jib 1
bab-jib 2
iac-jib 5
982
2
hff-jic 1
igj-jic 4
983
4
cag-jid 1
bgfj-jid 10
jff-jid 6
bdgd-jid 1
984
3
cij-jie 1
hdb-jie 1
baih-jie 4
985
4
dge-jif 3
bb-jif 12
hah-jif 16
bdih-jif 1
986
3
gha-jig 12
bbe-jig 1
bafi-jig 2
987
3
gfi-jih 1
jhi-jih 1
bfa-jih 2
988
4
ddf-jii 15
ihe-jii 1
cei-jii 1
bjh-jii 1
989
2
ge-jij 1
bah-jij 1
990
1
idh-jja 1
991
6
ihg-jjb 1
jif-jjb 1
hja-jjb 3
ieg-jjb 1
bdi-jjb 1
cjc-jjb 1
992
3
bcgb-jjc 30
jbg-jjc 6
jhg-jjc 3
993
1
daj-jjd 1
994
5
baig-jje 9
hdd-jje 1
ej-jje 1
bbcg-jje 12
badd-jje 2
995
2
ccf-jjf 1
hja-jjf 5
996
2
efa-jjg 2
gfc-jjg 4
997
1
geh-jjh 4
998
2
j-jji 1
hef-jji 3
999
3
edg-jjj 3
bcci-jjj 111
baea-jjj 2
1000
1
fgi-baaa 63
1001
5
bc-baab 1
jeg-baab 9
efi-baab 1
ifd-baab 5
bbdf-baab 1
1002
2
jbh-baac 14
hig-baac 2
1003
4
bbbh-baad 15
ehj-baad 3
jcd-baad 3
ceb-baad 53
1004
2
dib-baae 1
eje-baae 9
1005
2
bdej-baaf 1
baae-baaf 6
1006
5
beja-baag 1
fc-baag 1
cdc-baag 1
jci-baag 27
ffj-baag 4
1007
2
baef-baah 3
jab-baah 1
1008
4
dgd-baai 1
bacb-baai 6
baha-baai 12
igj-baai 2
1009
1
ceb-baaj 1
1010
5
bbfb-baba 1
dfi-baba 1
ehi-baba 19
jdf-baba 1
haj-baba 1
1011
3
djh-babb 58
ggi-babb 3
edh-babb 2
1012
5
jga-babc 1
beag-babc 18
if-babc 5
baif-babc 2
ege-babc 1
1013
3
bddi-babd 1
dfe-babd 15
gec-babd 1
1014
4
dbj-babe 1
ebj-babe 40
ije-babe 5
cjc-babe 1
1015
2
begj-babf 36
ceg-babf 1
1016
3
bbdj-babg 1
beba-babg 24
bdhd-babg 17
1017
2
baia-babh 4
cbg-babh 5
1018
3
baij-babi 63
cdb-babi 26
gd-babi 1
1019
3
bbcg-babj 1
fdc-babj 2
bfib-babj 1
1020
1
igh-baca 6
1021
6
heb-bacb 2
bgbj-bacb 5
bcje-bacb 4
jce-bacb 1
jg-bacb 4
jhb-bacb 1
1022
3
feg-bacc 1
hbc-bacc 4
gdb-bacc 95
1023
1
jgf-bacd 1
1024
2
dhb-bace 2
bbcd-bace 2
1025
1
ifd-bacf 1
1026
2
cja-bacg 1
bgdb-bacg 1
1027
3
bih-bach 12
fdd-bach 1
baag-bach 1
1028
2
egi-baci 1
ejc-baci 26
1029
4
bada-bacj 6
ibj-bacj 3
iha-bacj 90
ib-bacj 1
1030
4
hej-bada 3
gdb-bada 5
bbcf-bada 5
ecj-bada 1
1031
3
dcd-badb 1
bdf-badb 11
bddf-badb 3
1032
3
cad-badc 1
ifg-badc 36
hfg-badc 4
1033
3
gh-badd 1
jc-badd 1
bcac-badd 6
1034
1
ega-bade 5
1035
1
fgh-badf 5
1036
2
jhi-badg 1
bbbf-badg 1
1037
2
fhe-badh 1
bbgj-badh 1
1038
2
bbdi-badi 33
ghg-badi 1
1039
4
ijj-badj 1
bjf-badj 36
bbhf-badj 3
ff-badj 1
1040
4
cid-baea 1
he-baea 1
jgg-baea 1
hdd-baea 6
1041
4
bdcj-baeb 52
fd-baeb 1
iag-baeb 4
bbaf-baeb 2
1042
5
jaa-baec 7
hbg-baec 18
jha-baec 33
bcac-baec 1
ccb-baec 1
1043
1
djc-baed 12
1044
1
baeg-baee 9
1045
4
gj-baef 1
bdbf-baef 1
fi-baef 3
efd-baef 1
1046
4
jdc-baeg 3
hhd-baeg 3
baic-baeg 1
bcef-baeg 10
1047
2
dfd-baeh 1
ihg-baeh 1
1048
4
bagg-baei 21
chj-baei 1
bhc-baei 1
bcig-baei 25
1049
4
bbhh-baej 96
bdfj-baej 66
hih-baej 1
bdij-baej 1
1050
5
hgc-bafa 1
cff-bafa 1
babe-bafa 9
dgj-bafa 10
jdj-bafa 5
1051
4
gdg-bafb 34
bcji-bafb 1
bbbd-bafb 12
baah-bafb 3
1052
4
jce-bafc 1
gfg-bafc 1
hii-bafc 14
bbef-bafc 1
1053
2
fei-bafd 1
cfa-bafd 4
1054
3
bgf-bafe 1
dhc-bafe 1
fdd-bafe 28
1055
2
hcj-baff 1
bfif-baff 90
1056
1
fdd-bafg 13
1057
1
jbd-bafh 1
1058
4
bhj-bafi 4
bbgf-bafi 1
chi-bafi 1
bag-bafi 1
1059
3
gfi-bafj 1
bcag-bafj 1
hef-bafj 40
1060
2
bbag-baga 13
ded-baga 1
1061
2
bcgd-bagb 1
fhb-bagb 96
1062
1
gie-bagc 4
1063
3
beg-bagd 1
hgd-bagd 3
ibg-bagd 1
1064
4
jhf-bage 90
jfb-bage 8
babh-bage 1
bbcj-bage 1
1065
2
bede-bagf 48
bgd-bagf 4
1066
5
bbgh-bagg 1
jid-bagg 1
hgb-bagg 6
baie-bagg 4
fcb-bagg 16
1067
6
cgf-bagh 9
jbd-bagh 1
cde-bagh 3
gje-bagh 9
ijg-bagh 4
eab-bagh 2
1068
3
ggh-bagi 1
ehh-bagi 1
bcac-bagi 7
1069
3
jhd-bagj 44
bgj-bagj 1
bad-bagj 1
1070
2
bcgf-baha 12
bgcc-baha 30
1071
2
cgc-bahb 1
bgah-bahb 1
1072
1
hbg-bahc 1
1073
6
efa-bahd 3
dbb-bahd 69
beij-bahd 12
behd-bahd 3
dii-bahd 1
bcgf-bahd 1
1074
1
bcdi-bahe 3
1075
2
ffi-bahf 1
bagd-bahf 2
1076
2
gjc-bahg 141
bgc-bahg 1
1077
4
bedg-bahh 8
jab-bahh 1
hea-bahh 3
bahg-bahh 9
1078
4
ghc-bahi 16
ceh-bahi 1
hab-bahi 2
ia-bahi 1
1079
2
ghi-bahj 1
fbe-bahj 1
1080
3
jif-baia 1
bgg-baia 22
gaf-baia 1
1081
2
iac-baib 4
hih-baib 2
1082
3
iaa-baic 1
bcgg-baic 1
babi-baic 1
1083
2
ib-baid 1
bejd-baid 1
1084
5
bade-baie 4
bai-baie 2
efc-baie 3
chg-baie 2
iaf-baie 5
1085
1
jcb-baif 5
1086
4
jgh-baig 3
ihc-baig 1
edd-baig 6
hif-baig 6
1087
6
gcf-baih 2
becj-baih 9
eea-baih 1
bcgf-baih 1
bcej-baih 1
bbgd-baih 1
1088
2
ffj-baii 1
bbab-baii 6
1089
3
bha-baij 9
bfh-baij 1
ife-baij 61
1090
4
bif-baja 6
cgg-baja 1
bcfj-baja 15
cdh-baja 9
1091
3
ji-bajb 4
bafj-bajb 7
bdfg-bajb 2
1092
3
hih-bajc 1
dhb-bajc 4
bbae-bajc 3
1093
4
hha-bajd 11
edc-bajd 1
bfjc-bajd 2
hhg-bajd 1
1094
4
iej-baje 20
hhe-baje 2
bdab-baje 4
gfi-baje 33
1095
5
bbgi-bajf 51
bcje-bajf 1
jcd-bajf 3
jeb-bajf 1
eca-bajf 1
1096
2
cgf-bajg 1
fi-bajg 1
1097
2
hba-bajh 4
bia-bajh 3
1098
2
baje-baji 59
bhf-baji 1
1099
3
bajf-bajj 57
ejh-bajj 1
eci-bajj 2
1100
3
bcfa-bbaa 89
ghb-bbaa 1
beeg-bbaa 1
1101
2
cde-bbab 1
bbfc-bbab 16
1102
4
bejd-bbac 6
fed-bbac 4
iif-bbac 7
dce-bbac 60
1103
2
bbag-bbad 16
jbh-bbad 18
1104
6
eah-bbae 1
gid-bbae 1
bcfc-bbae 1
hg-bbae 1
gc-bbae 25
bgba-bbae 2
1105
2
hhg-bbaf 1
eff-bbaf 3
1106
1
gff-bbag 32
1107
4
fhe-bbah 5
cja-bbah 7
bfjh-bbah 1
beci-bbah 9
1108
3
bhj-bbai 7
bafj-bbai 1
bdch-bbai 1
1109
1
ich-bbaj 3
1110
5
hde-bbba 1
cgd-bbba 3
babb-bbba 1
hdb-bbba 45
jid-bbba 3
1111
1
hed-bbbb 2
1113
4
baec-bbbd 11
bbh-bbbd 1
icb-bbbd 1
bgab-bbbd 9
1114
3
bccj-bbbe 44
bcc-bbbe 17
dhj-bbbe 11
1115
3
cef-bbbf 1
faj-bbbf 1
gej-bbbf 1
1116
3
icb-bbbg 11
baci-bbbg 1
ief-bbbg 17
1117
2
ehg-bbbh 11
bagc-bbbh 3
1118
2
gee-bbbi 1
bac-bbbi 6
1119
3
bahe-bbbj 3
bgdj-bbbj 7
big-bbbj 1
1120
2
jcc-bbca 3
bdd-bbca 1
1121
6
jfd-bbcb 7
iee-bbcb 3
hih-bbcb 7
djj-bbcb 5
ccc-bbcb 1
fbc-bbcb 1
1122
2
bgf-bbcc 2
hbd-bbcc 38
1123
3
baii-bbcd 6
jjd-bbcd 1
gje-bbcd 5
1124
2
iff-bbce 6
gde-bbce 3
1125
2
bbae-bbcf 1
fhc-bbcf 98
1126
3
fcg-bbcg 1
bdid-bbcg 3
ccj-bbcg 9
1127
1
icb-bbch 4
1128
2
babh-bbci 7
bie-bbci 1
1129
2
hee-bbcj 6
bbbb-bbcj 1
1130
3
ehh-bbda 1
jde-bbda 41
bbji-bbda 2
1131
5
hjj-bbdb 5
ifa-bbdb 30
idc-bbdb 26
bbf-bbdb 1
bfdj-bbdb 5
1132
1
jh-bbdc 1
1133
5
beb-bbdd 7
eii-bbdd 5
fgh-bbdd 2
bci-bbdd 28
gid-bbdd 6
1134
1
jif-bbde 23
1135
3
gbi-bbdf 15
baed-bbdf 2
gbc-bbdf 1
1136
3
bhc-bbdg 5
bid-bbdg 1
bgdc-bbdg 10
1137
3
eef-bbdh 1
bcjd-bbdh 4
ghb-bbdh 11
1138
3
hbh-bbdi 23
baee-bbdi 7
bcba-bbdi 2
1139
1
ghi-bbdj 1
1140
3
cga-bbea 1
dfh-bbea 1
df-bbea 7
1141
5
bbae-bbeb 23
bffc-bbeb 1
ihd-bbeb 52
ji-bbeb 4
bbde-bbeb 18
1142
2
bcie-bbec 32
cai-bbec 1
1143
1
jc-bbed 1
1144
2
gcj-bbee 1
bdee-bbee 15
1145
4
ce-bbef 1
fjf-bbef 1
badd-bbef 5
fjb-bbef 36
1146
3
bgbc-bbeg 2
eca-bbeg 6
bcjg-bbeg 5
1147
2
eg-bbeh 9
ghj-bbeh 1
1148
2
eif-bbei 3
gej-bbei 5
1149
3
fci-bbej 10
bcbb-bbej 44
fja-bbej 10
1150
2
jf-bbfa 1
bacc-bbfa 9
1151
5
bdah-bbfb 3
baji-bbfb 21
fgd-bbfb 1
bbgg-bbfb 13
ghj-bbfb 1
1152
2
ibh-bbfc 27
bfej-bbfc 1
1153
4
eaa-bbfd 14
bdcj-bbfd 6
ebc-bbfd 1
bdje-bbfd 1
1154
2
chg-bbfe 1
bbgi-bbfe 14
1155
6
bdjd-bbff 17
ihi-bbff 8
jig-bbff 1
dbh-bbff 2
fcc-bbff 17
hg-bbff 3
1156
4
bfee-bbfg 63
eee-bbfg 2
bcjh-bbfg 1
fea-bbfg 6
1157
3
gec-bbfh 2
efd-bbfh 1
bbjg-bbfh 16
1158
3
bfhb-bbfi 15
bace-bbfi 1
bbej-bbfi 64
1159
4
babh-bbfj 1
cje-bbfj 1
cbc-bbfj 13
ifc-bbfj 61
1160
2
jbc-bbga 30
eji-bbga 4
1161
4
iic-bbgb 2
hi-bbgb 26
hgd-bbgb 5
jff-bbgb 2
1162
1
bafa-bbgc 9
1163
1
bgag-bbgd 13
1164
4
eb-bbge 12
ddd-bbge 2
bbff-bbge 14
ihg-bbge 1
1165
1
fcj-bbgf 2
1166
4
gfh-bbgg 2
bcde-bbgg 3
bdai-bbgg 7
ca-bbgg 1
1167
1
bbei-bbgh 3
1168
4
jab-bbgi 1
bfi-bbgi 3
jgi-bbgi 60
bdgi-bbgi 1
1169
4
bbcj-bbgj 1
eah-bbgj 8
bejh-bbgj 9
hjc-bbgj 1
1170
2
begi-bbha 24
fbe-bbha 3
1171
2
iec-bbhb 66
djd-bbhb 1
1172
3
bca-bbhc 1
cbh-bbhc 6
jdi-bbhc 1
1173
4
bdb-bbhd 9
bced-bbhd 5
j-bbhd 14
ece-bbhd 1
1174
4
fh-bbhe 1
bbgb-bbhe 19
gfe-bbhe 2
id-bbhe 2
1175
3
baif-bbhf 2
bfec-bbhf 1
dia-bbhf 80
1177
2
bcjf-bbhh 7
beee-bbhh 89
1178
2
bfge-bbhi 1
hgi-bbhi 9
1179
1
c-bbhj 1
1180
3
ij-bbia 2
ei-bbia 6
edb-bbia 6
1181
1
bdi-bbib 23
1182
2
iab-bbic 47
befc-bbic 1
1183
1
bbdd-bbid 15
1184
3
def-bbie 6
bbhj-bbie 1
dee-bbie 3
1185
2
dcj-bbif 13
bij-bbif 1
1186
1
cig-bbig 1
1187
2
bfd-bbih 1
gc-bbih 16
1188
2
jhc-bbii 1
bfgf-bbii 78
1189
3
beci-bbij 1
cdd-bbij 1
bbdf-bbij 11
1190
2
bacb-bbja 11
fec-bbja 49
1191
2
gje-bbjb 1
ffj-bbjb 1
1192
3
bhc-bbjc 1
ii-bbjc 5
bbha-bbjc 1
1193
1
jig-bbjd 1
1194
1
cbd-bbje 19
1195
4
dji-bbjf 1
haj-bbjf 50
fcj-bbjf 1
jbg-bbjf 18
1196
3
bagj-bbjg 45
hjb-bbjg 1
bbfe-bbjg 10
1197
2
bcjb-bbjh 10
jih-bbjh 1
1198
3
bch-bbji 4
hhi-bbji 5
ijh-bbji 3
1199
1
cig-bbjj 1
1200
2
bbie-bcaa 2
bgb-bcaa 17
1201
4
jjj-bcab 1
gce-bcab 1
dfi-bcab 1
bchi-bcab 1
1202
3
had-bcac 1
fa-bcac 10
hac-bcac 2
1203
3
bdf-bcad 12
hcd-bcad 1
bgcb-bcad 28
1204
2
ibg-bcae 11
bdaj-bcae 3
1205
3
bbha-bcaf 13
jh-bcaf 1
bcda-bcaf 41
1206
2
bgch-bcag 19
babb-bcag 1
1207
1
eed-bcah 136
1208
1
bbcj-bcai 3
1209
1
bbji-bcaj 11
1210
2
gfc-bcba 1
ejb-bcba 1
1211
3
hag-bcbb 3
bdbj-bcbb 18
die-bcbb 23
1212
5
dbe-bcbc 6
bbai-bcbc 2
bafj-bcbc 30
bcij-bcbc 2
ef-bcbc 2
1213
1
baca-bcbd 1
1214
2
bdd-bcbe 10
gda-bcbe 6
1215
2
bged-bcbf 2
igc-bcbf 1
1216
3
behc-bcbg 3
dbh-bcbg 1
iea-bcbg 21
1217
1
bhg-bcbh 1
1218
3
bfcf-bcbi 1
jdd-bcbi 5
jcf-bcbi 1
1219
3
hjj-bcbj 1
hgc-bcbj 1
bcch-bcbj 1
1220
4
bdhj-bcca 1
fb-bcca 1
behj-bcca 1
jfe-bcca 95
1221
3
cid-bccb 10
bcag-bccb 1
egb-bccb 8
1222
1
edj-bccc 1
1223
3
behg-bccd 18
ced-bccd 2
bfed-bccd 40
1224
2
eci-bcce 3
iib-bcce 1
1225
2
bajb-bccf 4
bfhd-bccf 57
1226
2
begg-bccg 9
badf-bccg 2
1227
1
hjg-bcch 1
1228
2
hjd-bcci 107
bcae-bcci 8
1229
6
bg-bccj 2
bdeb-bccj 1
dci-bccj 1
cfg-bccj 8
gbe-bccj 23
hci-bccj 10
1230
3
beii-bcda 1
ijd-bcda 9
dh-bcda 32
1231
3
baci-bcdb 5
bddd-bcdb 1
bbeb-bcdb 99
1232
4
ghb-bcdc 1
bccd-bcdc 45
bfga-bcdc 1
bcj-bcdc 4
1233
3
bagh-bcdd 17
bdid-bcdd 5
bbfh-bcdd 4
1234
5
cba-bcde 1
gic-bcde 1
bcha-bcde 1
baji-bcde 4
beje-bcde 5
1235
1
bbef-bcdf 42
1236
3
jje-bcdg 7
hjc-bcdg 32
chc-bcdg 10
1237
2
bchf-bcdh 1
faf-bcdh 3
1238
3
cfg-bcdi 13
becb-bcdi 1
hee-bcdi 8
1239
1
fdb-bcdj 76
1240
1
becb-bcea 10
1241
2
bfcf-bceb 1
idj-bceb 3
1242
1
dgj-bcec 1
1243
1
bcjd-bced 6
1244
6
bdja-bcee 1
ejh-bcee 1
bdca-bcee 1
iai-bcee 1
gdf-bcee 1
ffd-bcee 1
1245
2
fbb-bcef 1
fbj-bcef 18
1246
1
cca-bceg 1
1247
4
bge-bceh 1
bdae-bceh 4
bbdf-bceh 3
fab-bceh 1
1248
1
bci-bcei 2
1249
3
ef-bcej 1
jfh-bcej 2
gif-bcej 1
1250
2
jfh-bcfa 86
djh-bcfa 2
1252
2
jbj-bcfc 1
cig-bcfc 1
1253
3
beie-bcfd 1
idg-bcfd 16
jeh-bcfd 1
1254
1
jh-bcfe 2
1255
4
hfh-bcff 5
iie-bcff 5
begg-bcff 15
ddd-bcff 1
1256
2
bcje-bcfg 1
fjj-bcfg 3
1257
1
egd-bcfh 2
1258
1
ihe-bcfi 6
1259
4
jii-bcfj 1
cig-bcfj 1
ibc-bcfj 1
bchb-bcfj 26
1260
1
ghc-bcga 1
1261
2
eai-bcgb 26
jae-bcgb 9
1262
2
bahc-bcgc 1
beih-bcgc 6
1263
1
gba-bcgd 1
1264
3
baih-bcge 5
bgh-bcge 1
bddi-bcge 1
1265
1
bbga-bcgf 14
1266
2
bfhf-bcgg 95
beej-bcgg 1
1267
2
cbj-bcgh 1
bdjg-bcgh 8
1268
4
hce-bcgi 9
bfh-bcgi 1
fca-bcgi 9
bge-bcgi 3
1269
3
bfci-bcgj 4
bdbg-bcgj 9
beae-bcgj 15
1270
2
dgg-bcha 1
deh-bcha 2
1271
2
hhd-bchb 3
bdfj-bchb 23
1272
2
bdb-bchc 1
cej-bchc 12
1273
2
jbd-bchd 12
bdaf-bchd 11
1274
2
gcd-bche 2
becg-bche 2
1275
2
bfag-bchf 21
hdj-bchf 3
1276
4
idc-bchg 2
bebi-bchg 33
hhj-bchg 9
hga-bchg 12
1277
5
bbij-bchh 3
hhi-bchh 3
cjb-bchh 1
bcjj-bchh 11
bcjb-bchh 1
1278
2
ifh-bchi 2
bcdj-bchi 2
1279
1
jcd-bchj 11
1280
5
baid-bcia 1
hid-bcia 1
hhg-bcia 1
ibc-bcia 1
bgec-bcia 5
1281
4
bje-bcib 11
bdcc-bcib 1
dde-bcib 3
bfgd-bcib 11
1283
1
bede-bcid 1
1284
3
bebd-bcie 1
eic-bcie 36
bbgh-bcie 2
1285
2
bdjb-bcif 1
jhh-bcif 1
1286
1
fae-bcig 33
1287
1
cae-bcih 13
1288
3
cga-bcii 3
jeh-bcii 4
bafh-bcii 1
1289
1
ebd-bcij 5
1290
3
hhd-bcja 30
ica-bcja 3
bbfi-bcja 17
1291
2
dba-bcjb 8
bcaa-bcjb 4
1292
2
bbdg-bcjc 2
bbaf-bcjc 2
1293
1
hdf-bcjd 13
1294
1
bbfh-bcje 5
1295
4
dde-bcjf 9
bdjc-bcjf 16
fda-bcjf 1
bedc-bcjf 3
1296
2
jce-bcjg 1
eii-bcjg 6
1297
1
dch-bcjh 1
1298
2
ida-bcji 3
dg-bcji 1
1299
2
bfgi-bcjj 6
fig-bcjj 4
1300
3
edh-bdaa 16
eba-bdaa 1
gcj-bdaa 3
1301
2
iji-bdab 5
bdib-bdab 4
1302
2
cgb-bdac 10
gba-bdac 7
1303
3
dja-bdad 1
ch-bdad 2
jdi-bdad 1
1304
2
bahi-bdae 13
bbif-bdae 12
1305
1
ga-bdaf 11
1306
1
badg-bdag 1
1307
2
beeg-bdah 1
ibd-bdah 2
1308
2
baij-bdai 5
bajh-bdai 2
1309
2
hed-bdaj 3
je-bdaj 3
1310
1
bbch-bdba 4
1311
1
jeh-bdbb 1
1312
1
bcgf-bdbc 1
1314
1
hh-bdbe 3
1315
1
hf-bdbf 1
1316
3
hdj-bdbg 8
ddc-bdbg 8
bfii-bdbg 9
1317
1
jhg-bdbh 13
1318
2
bfbc-bdbi 1
dbc-bdbi 6
1319
4
gid-bdbj 38
bbci-bdbj 6
jfa-bdbj 29
dhe-bdbj 14
1320
1
fej-bdca 1
1321
2
cii-bdcb 4
ibj-bdcb 16
1322
2
bdhf-bdcc 51
iig-bdcc 7
1323
2
bbcb-bdcd 5
bdgd-bdcd 7
1324
1
jfc-bdce 5
1325
1
faa-bdcf 5
1326
1
bce-bdcg 8
1327
2
hgc-bdch 27
cac-bdch 15
1328
2
ci-bdci 3
efh-bdci 11
1329
2
feb-bdcj 25
jjc-bdcj 33
1330
2
bebj-bdda 2
efh-bdda 10
1331
1
bbbg-bddb 1
1333
2
bcbf-bddd 3
daa-bddd 2
1334
2
bid-bdde 1
jif-bdde 3
1335
3
bbbg-bddf 1
gig-bddf 1
bbcc-bddf 1
1336
1
badj-bddg 5
1337
1
bffa-bddh 2
1338
1
fjg-bddi 2
1339
3
bbbe-bddj 52
bj-bddj 1
bcaf-bddj 46
1340
1
dc-bdea 53
1341
2
jaf-bdeb 6
bdif-bdeb 12
1342
4
ida-bdec 3
cca-bdec 1
bfeg-bdec 1
bfaf-bdec 51
1343
2
befd-bded 16
bbbi-bded 1
1344
3
bcie-bdee 4
cgc-bdee 1
gii-bdee 9
1345
2
bbeg-bdef 3
hbe-bdef 31
1346
3
bgfb-bdeg 1
hdh-bdeg 1
iai-bdeg 1
1347
2
ecj-bdeh 1
cfc-bdeh 1
1348
1
bccd-bdei 6
1349
2
jag-bdej 8
bfaa-bdej 6
1350
3
bje-bdfa 7
hdb-bdfa 11
jjf-bdfa 1
1351
2
icf-bdfb 1
ijg-bdfb 23
1352
1
hdc-bdfc 1
1353
2
efb-bdfd 3
bec-bdfd 18
1354
2
bfeg-bdfe 13
gdf-bdfe 21
1355
1
jga-bdff 43
1356
2
bib-bdfg 1
bdic-bdfg 3
1357
2
bege-bdfh 7
bacc-bdfh 17
1358
2
becc-bdfi 91
jcf-bdfi 2
1359
3
bbjf-bdfj 18
cdf-bdfj 1
hae-bdfj 71
1360
4
ihf-bdga 25
bafa-bdga 12
ehh-bdga 6
begc-bdga 4
1361
3
fca-bdgb 1
hig-bdgb 4
bead-bdgb 64
1362
2
bcbd-bdgc 1
eba-bdgc 52
1363
2
gga-bdgd 1
gbc-bdgd 8
1364
1
baej-bdge 161
1365
3
fcc-bdgf 12
bfbe-bdgf 62
gdb-bdgf 1
1366
1
fbh-bdgg 3
1367
2
eea-bdgh 1
ghj-bdgh 3
1368
2
bdj-bdgi 23
bdjb-bdgi 16
1369
2
bgdi-bdgj 2
hhh-bdgj 1
1370
3
daj-bdha 1
behi-bdha 1
gfj-bdha 1
1371
2
hbh-bdhb 26
haf-bdhb 2
1372
2
jei-bdhc 1
bahg-bdhc 131
1373
2
bcbg-bdhd 21
bae-bdhd 6
1374
4
ecc-bdhe 7
baia-bdhe 1
bagb-bdhe 86
jjj-bdhe 12
1375
2
bcdh-bdhf 3
bfae-bdhf 48
1376
1
efd-bdhg 7
1377
1
bdfd-bdhh 17
1378
3
ihe-bdhi 7
ccf-bdhi 67
hb-bdhi 4
1379
1
iah-bdhj 2
1380
2
jgg-bdia 14
bgff-bdia 6
1381
1
bcfi-bdib 5
1382
1
hhg-bdic 3
1383
1
beh-bdid 12
1384
1
igc-bdie 5
1385
2
fgc-bdif 7
f-bdif 4
1386
2
bajc-bdig 1
bdge-bdig 159
1387
1
ijf-bdih 1
1388
2
fbg-bdii 1
cch-bdii 17
1389
1
fbg-bdij 1
1390
2
bdeb-bdja 2
bbhb-bdja 60
1391
1
bchd-bdjb 17
1392
2
bfbb-bdjc 10
ifh-bdjc 6
1393
1
eca-bdjd 18
1394
3
cge-bdje 1
bacj-bdje 6
bbjb-bdje 1
1395
1
jig-bdjf 14
1396
1
bdef-bdjg 14
1397
2
bfdf-bdjh 4
baj-bdjh 1
1398
2
egb-bdji 5
bej-bdji 1
1399
2
bccf-bdjj 52
cb-bdjj 1
1400
2
bcfj-beaa 2
eeb-beaa 1
1401
2
bdde-beab 2
baai-beab 2
1403
2
bafg-bead 11
bib-bead 54
1404
1
bdch-beae 15
1405
1
geb-beaf 1
1406
1
cci-beag 18
1407
3
bgfc-beah 8
jie-beah 1
bche-beah 2
1408
1
ida-beai 13
1409
2
dea-beaj 21
bcea-beaj 1
1410
3
bbf-beba 24
bfg-beba 3
bbcb-beba 11
1411
1
bgf-bebb 1
1412
1
bbah-bebc 2
1413
2
babc-bebd 1
bejj-bebd 4
1414
1
bccd-bebe 9
1415
2
ghb-bebf 7
bbfj-bebf 75
1416
1
idj-bebg 1
1417
2
bbgc-bebh 1
dag-bebh 1
1418
1
fad-bebi 39
1419
1
bbec-bebj 5
1420
2
jjf-beca 2
ddg-beca 1
1421
3
jed-becb 1
bfbj-becb 9
bcg-becb 1
1422
2
haf-becc 82
bcc-becc 9
1423
2
fba-becd 30
bbii-becd 60
1424
1
fii-bece 4
1425
2
hce-becf 4
fed-becf 1
1426
1
bagi-becg 7
1427
1
dfj-bech 1
1428
1
bbgj-beci 15
1429
2
bdbi-becj 1
hec-becj 27
1430
3
bc-beda 3
cbd-beda 42
bfhh-beda 50
1431
1
bebd-bedb 3
1432
2
baic-bedc 1
bfaj-bedc 3
1433
1
ceg-bedd 2
1434
2
bbda-bede 45
hf-bede 3
1435
2
ebh-bedf 62
djf-bedf 1
1436
2
gfg-bedg 1
jbg-bedg 8
1437
2
baha-bedh 22
bgai-bedh 33
1438
2
iib-bedi 29
bfba-bedi 1
1439
1
igd-bedj 5
1441
2
bbee-beeb 6
hcf-beeb 30
1442
1
jba-beec 7
1443
3
becd-beed 52
bfih-beed 30
dgj-beed 1
1444
2
eff-beee 78
hhc-beee 12
1445
2
hhf-beef 2
icf-beef 27
1446
3
befc-beeg 1
bdeb-beeg 16
he-beeg 9
1447
1
bdgc-beeh 42
1448
1
bdcg-beei 5
1449
1
cge-beej 1
1450
2
cbc-befa 55
ebe-befa 6
1451
1
babd-befb 16
1452
1
bchf-befc 2
1453
3
iia-befd 11
chj-befd 1
dci-befd 3
1454
1
fif-befe 1
1455
2
hc-beff 1
fid-beff 83
1456
1
bah-befg 15
1457
1
heh-befh 1
1458
1
bahf-befi 1
1459
1
bdgc-befj 9
1460
1
gca-bega 3
1461
1
iie-begb 2
1462
2
ghf-begc 1
bgad-begc 2
1463
1
bdgi-begd 37
1464
2
bdci-bege 2
babb-bege 4
1465
1
dfc-begf 1
1466
2
ifb-begg 24
bfai-begg 6
1467
1
eac-begh 1
1468
1
cff-begi 24
1469
2
bbfb-begj 35
eef-begj 1
1470
3
bebd-beha 1
cji-beha 3
hcj-beha 14
1471
1
bfdh-behb 49
1472
1
ifa-behc 3
1473
1
eda-behd 2
1474
3
bgaa-behe 18
ihd-behe 4
baja-behe 4
1475
1
hdf-behf 2
1476
1
iei-behg 31
1477
1
bcgg-behh 95
1478
2
bjh-behi 4
bgde-behi 31
1479
3
dcd-behj 1
ihb-behj 1
dbd-behj 1
1480
1
ffd-beia 1
1481
1
bdaj-beib 1
1482
3
ec-beic 3
bbb-beic 3
dg-beic 26
1483
2
bdje-beid 6
iai-beid 16
1484
1
cgc-beie 1
1485
3
gab-beif 99
cii-beif 3
hfb-beif 7
1486
2
bedd-beig 1
baf-beig 1
1487
2
ijd-beih 96
dcc-beih 18
1488
1
cbe-beii 1
1489
2
bah-beij 13
che-beij 1
1490
1
cid-beja 1
1491
1
bace-bejb 2
1493
1
badc-bejd 8
1494
1
baag-beje 6
1495
1
jhi-bejf 4
1496
2
cha-bejg 2
bcag-bejg 12
1497
1
bdaa-bejh 14
1498
2
ifa-beji 2
dcf-beji 6
1499
1
cdg-bejj 7
1500
2
ccd-bfaa 4
bhf-bfaa 2
1501
1
fbi-bfab 1
1503
1
jhc-bfad 6
1504
3
bai-bfae 1
ecc-bfae 23
bfah-bfae 22
1505
2
hbb-bfaf 1
bedh-bfaf 51
1506
2
bdad-bfag 3
jai-bfag 35
1507
1
jbf-bfah 22
1508
1
bcaj-bfai 5
1509
1
bcjd-bfaj 3
1510
1
bdgg-bfba 3
1511
1
hda-bfbb 10
1512
1
ijd-bfbc 3
1513
3
bbjd-bfbd 1
dcg-bfbd 3
fia-bfbd 5
1514
1
behh-bfbe 62
1515
2
efe-bfbf 72
bdga-bfbf 42
1516
1
hih-bfbg 13
1518
1
jjc-bfbi 1
1519
1
beif-bfbj 10
1520
1
ghc-bfca 28
1521
3
gaj-bfcb 68
bbba-bfcb 24
gfa-bfcb 2
1522
1
gga-bfcc 5
1523
3
bdbj-bfcd 64
ggc-bfcd 2
bcdc-bfcd 46
1524
1
jh-bfce 3
1525
1
bca-bfcf 3
1526
3
cjc-bfcg 36
bfgg-bfcg 3
bgdj-bfcg 17
1527
1
bafe-bfch 19
1528
1
fjb-bfci 5
1529
2
dif-bfcj 3
gh-bfcj 2
1530
2
baai-bfda 15
bgce-bfda 1
1531
1
iih-bfdb 7
1532
1
bfbc-bfdc 1
1533
1
bcgh-bfdd 1
1534
1
jgf-bfde 19
1535
1
ddf-bfdf 3
1536
1
bdfi-bfdg 93
1537
1
bdec-bfdh 50
1538
2
ihc-bfdi 1
fgc-bfdi 9
1539
2
bddd-bfdj 4
dgg-bfdj 1
1540
1
jdg-bfea 6
1541
1
ggf-bfeb 15
1542
2
bdge-bfec 1
edg-bfec 1
1543
2
iia-bfed 70
iea-bfed 67
1544
2
fhi-bfee 33
dae-bfee 29
1545
4
bgaf-bfef 2
ied-bfef 21
bgda-bfef 2
faa-bfef 5
1546
1
dfb-bfeg 14
1547
1
fdc-bfeh 3
1548
1
cbf-bfei 1
1549
1
bdia-bfej 1
1550
1
iab-bffa 1
1551
1
bda-bffb 6
1552
1
iai-bffc 1
1553
1
egi-bffd 1
1554
1
jai-bffe 1
1555
1
becg-bfff 4
1556
1
gci-bffg 12
1557
1
ghi-bffh 10
1558
1
ed-bffi 5
1559
1
eda-bffj 13
1560
2
dcg-bfga 1
bfj-bfga 1
1561
2
beif-bfgb 100
bcfj-bfgb 10
1562
1
bdac-bfgc 4
1563
1
ihj-bfgd 15
1564
1
chj-bfge 1
1565
2
eig-bfgf 1
bgga-bfgf 76
1566
1
ec-bfgg 3
1567
1
bbie-bfgh 1
1568
3
bgee-bfgi 1
bgej-bfgi 54
fea-bfgi 5
1570
1
cga-bfha 2
1571
1
bhg-bfhb 15
1572
1
dgd-bfhc 2
1573
1
bdgb-bfhd 69
1574
1
bfi-bfhe 110
1575
2
jjj-bfhf 90
ded-bfhf 4
1576
2
ibi-bfhg 8
bfhi-bfhg 35
1577
1
ibh-bfhh 50
1578
1
ice-bfhi 69
1579
2
bejj-bfhj 2
gih-bfhj 1
1580
1
df-bfia 8
1581
1
bdca-bfib 1
1582
2
bgfg-bfic 4
igc-bfic 5
1583
1
hfa-bfid 2
1584
1
ceh-bfie 1
1585
2
dfi-bfif 88
caa-bfif 1
1587
1
cif-bfih 30
1588
2
edc-bfii 2
hjg-bfii 7
1589
1
gih-bfij 7
1590
1
bie-bfja 5
1591
1
icj-bfjb 6
1592
1
bej-bfjc 8
1593
1
bajd-bfjd 3
1594
1
bfba-bfje 2
1595
1
cdg-bfjf 34
1596
1
bdej-bfjg 13
1597
1
bcga-bfjh 1
1598
1
bebd-bfji 1
1599
1
hhg-bfjj 4
1600
1
bcdd-bgaa 18
1601
1
fga-bgab 9
1602
1
babg-bgac 12
1603
1
bdba-bgad 1
1604
1
bajd-bgae 11
1605
1
beab-bgaf 2
1606
1
bed-bgag 13
1607
1
bdhi-bgah 1
1608
1
baji-bgai 32
1609
1
egb-bgaj 18
1610
1
ddd-bgba 2
1611
1
dib-bgbb 2
1612
1
bba-bgbc 1
1613
2
bfje-bgbd 2
bfb-bgbd 1
1614
1
bfhe-bgbe 87
1615
1
bbfa-bgbf 1
1616
1
dff-bgbg 9
1617
2
ece-bgbh 2
bgfh-bgbh 6
1618
1
bfjc-bgbi 6
1619
1
cbj-bgbj 5
1620
1
hjh-bgca 1
1621
1
icd-bgcb 28
1622
2
dga-bgcc 28
bdbe-bgcc 1
1624
1
bacd-bgce 1
1625
1
cib-bgcf 32
1626
1
cba-bgcg 40
1627
1
cga-bgch 18
1628
2
bda-bgci 8
hje-bgci 70
1629
1
beeg-bgcj 25
1630
1
bcai-bgda 2
1631
1
jdd-bgdb 6
1632
1
gbb-bgdc 10
1633
3
bffd-bgdd 1
ede-bgdd 23
bhf-bgdd 2
1634
1
beic-bgde 32
1635
1
bbia-bgdf 5
1636
1
baf-bgdg 6
1637
1
hhh-bgdh 1
1638
2
jdi-bgdi 1
bach-bgdi 2
1639
1
jdb-bgdj 25
1640
1
bcia-bgea 4
1641
1
ega-bgeb 22
1642
2
djd-bgec 3
bacg-bgec 2
1643
1
behi-bged 2
1644
1
hjf-bgee 1
1645
1
fed-bgef 3
1646
1
baca-bgeg 4
1647
1
bece-bgeh 1
1648
1
bgca-bgei 1
1649
1
jej-bgej 54
1650
1
bddj-bgfa 69
1651
1
bhh-bgfb 1
1652
1
bfjg-bgfc 8
1653
2
gif-bgfd 85
ddb-bgfd 1
1654
1
bfcf-bgfe 1
1655
1
bcgh-bgff 6
1656
1
bce-bgfg 4
1657
1
bgbi-bgfh 6
1658
1
bie-bgfi 1
1659
1
eef-bgfj 10
1660
1
bdhi-bgga 77
1661
1
bdhg-bggb 2
